2025-05-31T15:50:59.640Z - BloodTestParser initialized with 187 characters
2025-05-31T15:50:59.642Z - Starting BloodTestParser.parse method for reportType: generic
2025-05-31T15:50:59.642Z - Starting blood test report parsing
2025-05-31T15:50:59.643Z - Raw OCR Text (BloodTestParser Start - First 500 chars):

      PATIENT INFORMATION
      Name: Test Patient
      DOB: 01/01/1980
      
      TEST RESULTS
      Glucose: 95 mg/dL (70-99)
      
      REMARKS
      No significant findings
    ...
2025-05-31T15:50:59.643Z - Step 1: Normalizing OCR text
2025-05-31T15:50:59.646Z - Text normalized from 187 to 125 chars
2025-05-31T15:50:59.647Z - Normalized OCR Text (After OcrNormalizer.normalize - First 500 chars):
PATIENT INFORMATION
Name: Test Patient
DOB: 01/01/1980
TEST RESULTS
Glucose: 95 mg/dL (70-99)
REMARKS
No significant findings...
2025-05-31T15:50:59.648Z - Step 2: Preprocessing content
2025-05-31T15:50:59.649Z - Step 3: Parsing document sections
2025-05-31T15:50:59.651Z - Step 4: Extracting metadata
2025-05-31T15:50:59.652Z - Extracting metadata from content
2025-05-31T15:50:59.653Z - Extracted patient info: {"name":"Test Patient","dob":"01/01/1980"}
2025-05-31T15:50:59.654Z - Extracted lab info: {}
2025-05-31T15:50:59.654Z - Step 5: Extracting biomarkers
2025-05-31T15:50:59.655Z - Extracting biomarkers
2025-05-31T15:50:59.669Z - Traditional extractor found 1 biomarkers
2025-05-31T15:50:59.670Z - Normalizing biomarker objects
2025-05-31T15:50:59.678Z - Normalized biomarker name: "TEST RESULTS Glucose:" → "GLUCOSE"
2025-05-31T15:50:59.679Z - Normalized traditional biomarkers: 1 remaining
2025-05-31T15:50:59.689Z - Generic extractor found 2 biomarkers
2025-05-31T15:50:59.690Z - Normalizing biomarker objects
2025-05-31T15:50:59.697Z - Normalized generic biomarkers: 2 remaining
2025-05-31T15:50:59.699Z - Validated generic biomarkers: 1 remaining after dictionary validation
2025-05-31T15:50:59.700Z - Combined and deduped 2 to 1 biomarkers
2025-05-31T15:50:59.700Z - Extracted 1 potential biomarkers
2025-05-31T15:50:59.701Z - Step 6: Extracting clinical remarks
2025-05-31T15:50:59.702Z - Starting remarks extraction (BloodTestParser)
