2025-05-31T12:31:20.721Z - BloodTestParser initialized with 1557 characters
2025-05-31T12:31:20.723Z - Content preview: BAHRIA TOWN INTERNATIONAL HOSPITAL test S KARACHI BRANCH  Precinct 19, Phase 1, Bahria Town Karac 1111 284 111 111284 LABORATORY REPORT MR.NO : 010-009-549 NAME _: SYED HASSAN ABBAS RIZVI SIO SYED RAZA ALI RIZVI SEX tM REFBY : ADDRESS : VILLA#I7 STREET#31 SPORTS CITY AGE 65Y 04Mo 030 CONTAC...
2025-05-31T12:31:20.726Z - Starting blood test report parsing
2025-05-31T12:31:20.728Z - Raw OCR Text (BloodTestParser Start - First 500 chars):
BAHRIA TOWN INTERNATIONAL
HOSPITAL test S
KARACHI BRANCH

Precinct 19, Phase 1, Bahria Town Karac 1111 284
111 111284
LABORATORY REPORT
MR.NO : 010-009-549 NAME _: SYED HASSAN ABBAS RIZVI SIO SYED RAZA ALI RIZVI SEX tM
REFBY : ADDRESS : VILLA#I7 STREET#31 SPORTS CITY AGE 65Y 04Mo 030
CONTACT : 03040120825
BIOCHEMISTRY

Investigation Values Reference Ranges * Last Available Results
CREATININE (Serum)

Sample: 15-Apr-2025

Creatinine (Serum) 14 mg/dl Male0.9-1.3 mg/dl (10-20-24) 1...
2025-05-31T12:31:20.731Z - Step 1: Normalizing OCR text
2025-05-31T12:31:20.745Z - Text normalized from 1557 to 1458 chars
2025-05-31T12:31:20.747Z - Normalized OCR Text (After OcrNormalizer.normalize - First 500 chars):
BAHRIA TOWN INTERNATIONAL
HOSPITAL test S
KARACHI BRANCH
Precinct 19, Phase 1, Bahria Town Karac 1111 284
111 111284
MR.NO: 010-009-549 NAME _: SYED HASSAN ABBAS RIZVI SIO SYED RAZA ALI RIZVI SEX M
REFBY:
VILLA#17 STREET#31 SPORTS CITY AGE 65 Y 04 Mo 030
CONTACT:
03040120825
BIOCHEMISTRY
Investigation Values Reference Ranges * Last Available Results
CREATININE (Serum)
Sample: 15-Apr-2025
CREATININE (Serum) 14 mg/dL Male 0.9-1.3 mg/dL (10-20-24) 1.2 mg/dL
Female 06-11 mg/dL
Methadology Test perfo...
2025-05-31T12:31:20.748Z - Step 2: Preprocessing content
2025-05-31T12:31:20.751Z - Step 3: Parsing document sections
2025-05-31T12:31:20.757Z - Step 4: Extracting metadata
2025-05-31T12:31:20.759Z - Extracting metadata from content
2025-05-31T12:31:20.763Z - Extracted patient info: {"age":"65"}
2025-05-31T12:31:20.766Z - Extracted lab info: {}
2025-05-31T12:31:20.767Z - Step 5: Extracting biomarkers
2025-05-31T12:31:20.769Z - Extracting biomarkers
2025-05-31T12:31:20.850Z - Traditional extractor found 9 biomarkers
2025-05-31T12:31:20.852Z - Normalizing biomarker objects
2025-05-31T12:31:20.863Z - Normalized biomarker name: "CREAT 1 N 1 NE (5 erum)" → "CREATININE ( erum"
2025-05-31T12:31:20.865Z - Normalized biomarker name: "Magnesium (5 erum) 5 amp 1 e" → "MAGNESIUM"
2025-05-31T12:31:20.868Z - Normalized biomarker name: "Magnesium" → "MAGNESIUM"
2025-05-31T12:31:20.871Z - Normalized biomarker name: "UREA (5 erum) 5 amp 1 e" → "UREA"
2025-05-31T12:31:20.874Z - Normalized traditional biomarkers: 9 remaining
2025-05-31T12:31:20.895Z - Generic extractor found 19 biomarkers
2025-05-31T12:31:20.896Z - Normalizing biomarker objects
2025-05-31T12:31:20.908Z - Normalized generic biomarkers: 19 remaining
2025-05-31T12:31:20.930Z - Validated generic biomarkers: 6 remaining after dictionary validation
2025-05-31T12:31:20.931Z - Combined and deduped 15 to 8 biomarkers
2025-05-31T12:31:20.932Z - Extracted 8 potential biomarkers
2025-05-31T12:31:20.933Z - Step 6: Extracting clinical remarks
2025-05-31T12:31:20.934Z - Starting remarks extraction (BloodTestParser)
2025-05-31T12:31:20.937Z - No remarks data found or remarks array was empty/falsy in external result.
2025-05-31T12:31:20.939Z - Extracted 0 remarks
2025-05-31T12:31:20.941Z - Step 7: Validating results
2025-05-31T12:31:20.945Z - Step 8: Preparing final result
2025-05-31T12:31:20.946Z - Parsing completed successfully. Found 6 biomarkers and 0 remarks.
