2025-05-31T12:06:52.700Z - BloodTestParser initialized with 1557 characters
2025-05-31T12:06:52.702Z - Content preview: BAHRIA TOWN INTERNATIONAL HOSPITAL test S KARACHI BRANCH  Precinct 19, Phase 1, Bahria Town Karac 1111 284 111 111284 LABORATORY REPORT MR.NO : 010-009-549 NAME _: SYED HASSAN ABBAS RIZVI SIO SYED RAZA ALI RIZVI SEX tM REFBY : ADDRESS : VILLA#I7 STREET#31 SPORTS CITY AGE 65Y 04Mo 030 CONTAC...
2025-05-31T12:06:52.705Z - Starting blood test report parsing
2025-05-31T12:06:52.707Z - Step 1: Normalizing OCR text
2025-05-31T12:06:52.720Z - Text normalized from 1557 to 1458 chars
2025-05-31T12:06:52.722Z - Step 2: Preprocessing content
2025-05-31T12:06:52.725Z - Step 3: Parsing document sections
2025-05-31T12:06:52.733Z - Step 4: Extracting metadata
2025-05-31T12:06:52.734Z - Extracting metadata from content
2025-05-31T12:06:52.738Z - Extracted patient info: {"age":"65"}
2025-05-31T12:06:52.741Z - Extracted lab info: {}
2025-05-31T12:06:52.743Z - Step 5: Extracting biomarkers
2025-05-31T12:06:52.745Z - Extracting biomarkers
2025-05-31T12:06:52.789Z - Traditional extractor found 12 biomarkers
2025-05-31T12:06:52.791Z - Normalizing biomarker objects
2025-05-31T12:06:52.804Z - Normalized biomarker name: "Magnesium (5 erum) 5 amp 1 e" → "MAGNESIUM"
2025-05-31T12:06:52.806Z - Normalized biomarker name: "Magnesium" → "MAGNESIUM"
2025-05-31T12:06:52.810Z - Normalized biomarker name: "UREA (5 erum) 5 amp 1 e" → "UREA"
2025-05-31T12:06:52.811Z - Normalized traditional biomarkers: 12 remaining
2025-05-31T12:06:52.837Z - Generic extractor found 19 biomarkers
2025-05-31T12:06:52.838Z - Normalizing biomarker objects
2025-05-31T12:06:52.846Z - Normalized generic biomarkers: 19 remaining
2025-05-31T12:06:52.864Z - Validated generic biomarkers: 8 remaining after dictionary validation
2025-05-31T12:06:52.865Z - Combined and deduped 20 to 11 biomarkers
2025-05-31T12:06:52.866Z - Extracted 11 potential biomarkers
2025-05-31T12:06:52.867Z - Step 6: Extracting clinical remarks
2025-05-31T12:06:52.869Z - Starting remarks extraction (BloodTestParser)
2025-05-31T12:06:52.874Z - No remarks data found or remarks array was empty/falsy in external result.
2025-05-31T12:06:52.875Z - Extracted 0 remarks
2025-05-31T12:06:52.877Z - Step 7: Validating results
2025-05-31T12:06:52.883Z - Step 8: Preparing final result
2025-05-31T12:06:52.885Z - Parsing completed successfully. Found 8 biomarkers and 0 remarks.
