2025-05-31T15:02:38.070Z - BloodTestParser initialized with 187 characters
2025-05-31T15:02:38.071Z - Starting blood test report parsing
2025-05-31T15:02:38.072Z - Raw OCR Text (BloodTestParser Start - First 500 chars):

      PATIENT INFORMATION
      Name: Test Patient
      DOB: 01/01/1980
      
      TEST RESULTS
      Glucose: 95 mg/dL (70-99)
      
      REMARKS
      No significant findings
    ...
2025-05-31T15:02:38.072Z - Step 1: Normalizing OCR text
2025-05-31T15:02:38.075Z - Text normalized from 187 to 125 chars
2025-05-31T15:02:38.076Z - Normalized OCR Text (After OcrNormalizer.normalize - First 500 chars):
PATIENT INFORMATION
Name: Test Patient
DOB: 01/01/1980
TEST RESULTS
Glucose: 95 mg/dL (70-99)
REMARKS
No significant findings...
2025-05-31T15:02:38.076Z - Step 2: Preprocessing content
2025-05-31T15:02:38.077Z - Step 3: Parsing document sections
2025-05-31T15:02:38.078Z - Step 4: Extracting metadata
2025-05-31T15:02:38.078Z - Extracting metadata from content
2025-05-31T15:02:38.079Z - Extracted patient info: {"name":"Test Patient","dob":"01/01/1980"}
2025-05-31T15:02:38.079Z - Extracted lab info: {}
2025-05-31T15:02:38.080Z - Step 5: Extracting biomarkers
2025-05-31T15:02:38.080Z - Extracting biomarkers
2025-05-31T15:02:38.084Z - Traditional extractor found 1 biomarkers
2025-05-31T15:02:38.084Z - Normalizing biomarker objects
2025-05-31T15:02:38.086Z - Normalized biomarker name: "TEST RESULTS Glucose:" → "GLUCOSE"
2025-05-31T15:02:38.086Z - Normalized traditional biomarkers: 1 remaining
2025-05-31T15:02:38.088Z - Generic extractor found 2 biomarkers
2025-05-31T15:02:38.089Z - Normalizing biomarker objects
2025-05-31T15:02:38.089Z - Normalized generic biomarkers: 2 remaining
2025-05-31T15:02:38.090Z - Validated generic biomarkers: 1 remaining after dictionary validation
2025-05-31T15:02:38.090Z - Combined and deduped 2 to 1 biomarkers
2025-05-31T15:02:38.090Z - Extracted 1 potential biomarkers
2025-05-31T15:02:38.090Z - Step 6: Extracting clinical remarks
2025-05-31T15:02:38.091Z - Starting remarks extraction (BloodTestParser)
