2025-05-31T15:23:41.774Z - BloodTestParser initialized with 187 characters
2025-05-31T15:23:41.776Z - Starting BloodTestParser.parse method for reportType: generic
2025-05-31T15:23:41.777Z - Starting blood test report parsing
2025-05-31T15:23:41.777Z - Raw OCR Text (BloodTestParser Start - First 500 chars):

      PATIENT INFORMATION
      Name: Test Patient
      DOB: 01/01/1980
      
      TEST RESULTS
      Glucose: 95 mg/dL (70-99)
      
      REMARKS
      No significant findings
    ...
2025-05-31T15:23:41.777Z - Step 1: Normalizing OCR text
2025-05-31T15:23:41.781Z - Text normalized from 187 to 125 chars
2025-05-31T15:23:41.782Z - Normalized OCR Text (After OcrNormalizer.normalize - First 500 chars):
PATIENT INFORMATION
Name: Test Patient
DOB: 01/01/1980
TEST RESULTS
Glucose: 95 mg/dL (70-99)
REMARKS
No significant findings...
2025-05-31T15:23:41.782Z - Step 2: Preprocessing content
2025-05-31T15:23:41.783Z - Step 3: Parsing document sections
2025-05-31T15:23:41.785Z - Step 4: Extracting metadata
2025-05-31T15:23:41.785Z - Extracting metadata from content
2025-05-31T15:23:41.787Z - Extracted patient info: {"name":"Test Patient","dob":"01/01/1980"}
2025-05-31T15:23:41.788Z - Extracted lab info: {}
2025-05-31T15:23:41.788Z - Step 5: Extracting biomarkers
2025-05-31T15:23:41.789Z - Extracting biomarkers
2025-05-31T15:23:41.807Z - Traditional extractor found 1 biomarkers
2025-05-31T15:23:41.807Z - Normalizing biomarker objects
2025-05-31T15:23:41.812Z - Normalized biomarker name: "TEST RESULTS Glucose:" → "GLUCOSE"
2025-05-31T15:23:41.812Z - Normalized traditional biomarkers: 1 remaining
2025-05-31T15:23:41.818Z - Generic extractor found 2 biomarkers
2025-05-31T15:23:41.819Z - Normalizing biomarker objects
2025-05-31T15:23:41.825Z - Normalized generic biomarkers: 2 remaining
2025-05-31T15:23:41.828Z - Validated generic biomarkers: 1 remaining after dictionary validation
2025-05-31T15:23:41.828Z - Combined and deduped 2 to 1 biomarkers
2025-05-31T15:23:41.829Z - Extracted 1 potential biomarkers
2025-05-31T15:23:41.829Z - Step 6: Extracting clinical remarks
2025-05-31T15:23:41.830Z - Starting remarks extraction (BloodTestParser)
