2025-05-31T11:29:17.815Z - BloodTestParser initialized with 1557 characters
2025-05-31T11:29:17.816Z - Content preview: BAHRIA TOWN INTERNATIONAL HOSPITAL test S KARACHI BRANCH  Precinct 19, Phase 1, Bahria Town Karac 1111 284 111 111284 LABORATORY REPORT MR.NO : 010-009-549 NAME _: SYED HASSAN ABBAS RIZVI SIO SYED RAZA ALI RIZVI SEX tM REFBY : ADDRESS : VILLA#I7 STREET#31 SPORTS CITY AGE 65Y 04Mo 030 CONTAC...
2025-05-31T11:29:17.819Z - Starting blood test report parsing
2025-05-31T11:29:17.821Z - Step 1: Normalizing OCR text
2025-05-31T11:29:17.834Z - Text normalized from 1557 to 1260 chars
2025-05-31T11:29:17.837Z - Step 2: Preprocessing content
2025-05-31T11:29:17.843Z - Step 3: Parsing document sections
2025-05-31T11:29:17.853Z - Step 4: Extracting metadata
2025-05-31T11:29:17.856Z - Extracting metadata from content
2025-05-31T11:29:17.862Z - Extracted patient info: {"age":"65"}
2025-05-31T11:29:17.868Z - Extracted lab info: {}
2025-05-31T11:29:17.872Z - Step 5: Extracting biomarkers
2025-05-31T11:29:17.879Z - Extracting biomarkers
2025-05-31T11:29:17.912Z - Traditional extractor found 4 biomarkers
2025-05-31T11:29:17.923Z - Normalizing biomarker objects
2025-05-31T11:29:17.972Z - Normalized biomarker name: "03040120825 810 CHEM 15 TRY 1 nvestigati 0 n Va 1 ues Reference Ranges * Last Avai 1 ab 1 e Resu 1 ts CREAT 1 N 1 NE (5 erum) 5 amp 1 e: 15-Apr-2025 CREAT 1 N 1 NE (5 erum)" → "CHEM TRY nvestigati n Va ues Reference Ranges * Last Avai ab e Resu ts CREATININE ( erum) amp e: -Apr- CREATININE ( erum"
2025-05-31T11:29:17.979Z - Normalized traditional biomarkers: 4 remaining
2025-05-31T11:29:18.029Z - Generic extractor found 4 biomarkers
2025-05-31T11:29:18.037Z - Normalizing biomarker objects
2025-05-31T11:29:18.049Z - Normalized generic biomarkers: 4 remaining
2025-05-31T11:29:18.054Z - Combined and deduped 8 to 6 biomarkers
2025-05-31T11:29:18.061Z - Extracted 6 potential biomarkers
2025-05-31T11:29:18.070Z - Step 6: Extracting clinical remarks
2025-05-31T11:29:18.074Z - Starting remarks extraction (BloodTestParser)
2025-05-31T11:29:18.081Z - No remarks data found or remarks array was empty/falsy in external result.
2025-05-31T11:29:18.087Z - Extracted 0 remarks
2025-05-31T11:29:18.090Z - Step 7: Validating results
2025-05-31T11:29:18.098Z - Step 8: Preparing final result
2025-05-31T11:29:18.105Z - Parsing completed successfully. Found 6 biomarkers and 0 remarks.
