2025-05-31T13:15:40.121Z - BloodTestParser initialized with 1557 characters
2025-05-31T13:15:40.130Z - Content preview: BAHRIA TOWN INTERNATIONAL HOSPITAL test S KARACHI BRANCH  Precinct 19, Phase 1, Bahria Town Karac 1111 284 111 111284 LABORATORY REPORT MR.NO : 010-009-549 NAME _: SYED HASSAN ABBAS RIZVI SIO SYED RAZA ALI RIZVI SEX tM REFBY : ADDRESS : VILLA#I7 STREET#31 SPORTS CITY AGE 65Y 04Mo 030 CONTAC...
2025-05-31T13:15:40.134Z - Starting blood test report parsing
2025-05-31T13:15:40.136Z - Raw OCR Text (BloodTestParser Start - First 500 chars):
BAHRIA TOWN INTERNATIONAL
HOSPITAL test S
KARACHI BRANCH

Precinct 19, Phase 1, Bahria Town Karac 1111 284
111 111284
LABORATORY REPORT
MR.NO : 010-009-549 NAME _: SYED HASSAN ABBAS RIZVI SIO SYED RAZA ALI RIZVI SEX tM
REFBY : ADDRESS : VILLA#I7 STREET#31 SPORTS CITY AGE 65Y 04Mo 030
CONTACT : 03040120825
BIOCHEMISTRY

Investigation Values Reference Ranges * Last Available Results
CREATININE (Serum)

Sample: 15-Apr-2025

Creatinine (Serum) 14 mg/dl Male0.9-1.3 mg/dl (10-20-24) 1...
2025-05-31T13:15:40.138Z - Step 1: Normalizing OCR text
2025-05-31T13:15:40.166Z - Text normalized from 1557 to 1406 chars
2025-05-31T13:15:40.168Z - Normalized OCR Text (After OcrNormalizer.normalize - First 500 chars):
BAHRIA TOWN INTERNATIONAL
HOSPITAL test S
KARACHI BRANCH
Precinct 19, Phase 1, Bahria Town Karac 1111 284
111 111284
MR.NO: 010-009-549 NAME _: SYED HASSAN ABBAS RIZVI SIO SYED RAZA ALI RIZVI SEX M
CONTACT: 03040120825
BIOCHEMISTRY
Investigation Values Reference Ranges * Last Available Results
CREATININE (Serum)
Sample: 15-Apr-2025
CREATININE (Serum) 14 mg/dL Male 0.9-1.3 mg/dL (10-20-24) 1.2 mg/dL
Female 06-11 mg/dL
Methadology Test performed on Cobas ¢ 111 automated chemistry analyzer.
Magnesi...
2025-05-31T13:15:40.170Z - Step 2: Preprocessing content
2025-05-31T13:15:40.174Z - Step 3: Parsing document sections
2025-05-31T13:15:40.180Z - Step 4: Extracting metadata
2025-05-31T13:15:40.182Z - Extracting metadata from content
2025-05-31T13:15:40.186Z - Extracted patient info: {}
2025-05-31T13:15:40.189Z - Extracted lab info: {}
2025-05-31T13:15:40.191Z - Step 5: Extracting biomarkers
2025-05-31T13:15:40.193Z - Extracting biomarkers
2025-05-31T13:15:40.271Z - Traditional extractor found 7 biomarkers
2025-05-31T13:15:40.273Z - Normalizing biomarker objects
2025-05-31T13:15:40.294Z - Normalized biomarker name: "CREAT 1 N 1 NE (5 erum)" → "CREATININE ( erum"
2025-05-31T13:15:40.302Z - Normalized biomarker name: "Magnesium (5 erum) 5 amp 1 e" → "MAGNESIUM"
2025-05-31T13:15:40.310Z - Normalized biomarker name: "Magnesium" → "MAGNESIUM"
2025-05-31T13:15:40.325Z - Normalized biomarker name: "UREA (5 erum) 5 amp 1 e" → "UREA"
2025-05-31T13:15:40.333Z - Normalized traditional biomarkers: 7 remaining
2025-05-31T13:15:40.362Z - Generic extractor found 18 biomarkers
2025-05-31T13:15:40.364Z - Normalizing biomarker objects
2025-05-31T13:15:40.462Z - Normalized generic biomarkers: 18 remaining
2025-05-31T13:15:40.479Z - Validated generic biomarkers: 6 remaining after dictionary validation
2025-05-31T13:15:40.481Z - Combined and deduped 13 to 7 biomarkers
2025-05-31T13:15:40.483Z - Extracted 7 potential biomarkers
2025-05-31T13:15:40.484Z - Step 6: Extracting clinical remarks
2025-05-31T13:15:40.486Z - Starting remarks extraction (BloodTestParser)
2025-05-31T13:15:40.491Z - No remarks data found or remarks array was empty/falsy in external result.
2025-05-31T13:15:40.492Z - Extracted 0 remarks
2025-05-31T13:15:40.494Z - Step 7: Validating results
2025-05-31T13:15:40.497Z - Step 8: Preparing final result
2025-05-31T13:15:40.499Z - Parsing completed successfully. Found 5 biomarkers and 0 remarks.
