2025-05-31T11:52:22.309Z - BloodTestParser initialized with 1557 characters
2025-05-31T11:52:22.311Z - Content preview: BAHRIA TOWN INTERNATIONAL HOSPITAL test S KARACHI BRANCH  Precinct 19, Phase 1, Bahria Town Karac 1111 284 111 111284 LABORATORY REPORT MR.NO : 010-009-549 NAME _: SYED HASSAN ABBAS RIZVI SIO SYED RAZA ALI RIZVI SEX tM REFBY : ADDRESS : VILLA#I7 STREET#31 SPORTS CITY AGE 65Y 04Mo 030 CONTAC...
2025-05-31T11:52:22.312Z - Starting blood test report parsing
2025-05-31T11:52:22.313Z - Step 1: Normalizing OCR text
2025-05-31T11:52:22.331Z - Text normalized from 1557 to 1458 chars
2025-05-31T11:52:22.335Z - Step 2: Preprocessing content
2025-05-31T11:52:22.340Z - Step 3: Parsing document sections
2025-05-31T11:52:22.348Z - Step 4: Extracting metadata
2025-05-31T11:52:22.350Z - Extracting metadata from content
2025-05-31T11:52:22.356Z - Extracted patient info: {"age":"65"}
2025-05-31T11:52:22.360Z - Extracted lab info: {}
2025-05-31T11:52:22.363Z - Step 5: Extracting biomarkers
2025-05-31T11:52:22.366Z - Extracting biomarkers
2025-05-31T11:52:22.437Z - Traditional extractor found 12 biomarkers
2025-05-31T11:52:22.439Z - Normalizing biomarker objects
2025-05-31T11:52:22.450Z - Normalized biomarker name: "Magnesium (5 erum) 5 amp 1 e" → "MAGNESIUM"
2025-05-31T11:52:22.453Z - Normalized biomarker name: "Magnesium" → "MAGNESIUM"
2025-05-31T11:52:22.456Z - Normalized biomarker name: "UREA (5 erum) 5 amp 1 e" → "UREA"
2025-05-31T11:52:22.458Z - Normalized traditional biomarkers: 12 remaining
2025-05-31T11:52:22.492Z - Generic extractor found 19 biomarkers
2025-05-31T11:52:22.493Z - Normalizing biomarker objects
2025-05-31T11:52:22.502Z - Normalized generic biomarkers: 19 remaining
2025-05-31T11:52:22.503Z - Combined and deduped 31 to 25 biomarkers
2025-05-31T11:52:22.505Z - Extracted 25 potential biomarkers
2025-05-31T11:52:22.511Z - Step 6: Extracting clinical remarks
2025-05-31T11:52:22.514Z - Starting remarks extraction (BloodTestParser)
2025-05-31T11:52:22.520Z - No remarks data found or remarks array was empty/falsy in external result.
2025-05-31T11:52:22.522Z - Extracted 0 remarks
2025-05-31T11:52:22.524Z - Step 7: Validating results
2025-05-31T11:52:22.532Z - Step 8: Preparing final result
2025-05-31T11:52:22.533Z - Parsing completed successfully. Found 25 biomarkers and 0 remarks.
