2025-05-31T15:41:38.596Z - BloodTestParser initialized with 187 characters
2025-05-31T15:41:38.598Z - Starting BloodTestParser.parse method for reportType: generic
2025-05-31T15:41:38.599Z - Starting blood test report parsing
2025-05-31T15:41:38.600Z - Raw OCR Text (BloodTestParser Start - First 500 chars):

      PATIENT INFORMATION
      Name: Test Patient
      DOB: 01/01/1980
      
      TEST RESULTS
      Glucose: 95 mg/dL (70-99)
      
      REMARKS
      No significant findings
    ...
2025-05-31T15:41:38.601Z - Step 1: Normalizing OCR text
2025-05-31T15:41:38.604Z - Text normalized from 187 to 125 chars
2025-05-31T15:41:38.606Z - Normalized OCR Text (After OcrNormalizer.normalize - First 500 chars):
PATIENT INFORMATION
Name: Test Patient
DOB: 01/01/1980
TEST RESULTS
Glucose: 95 mg/dL (70-99)
REMARKS
No significant findings...
2025-05-31T15:41:38.607Z - Step 2: Preprocessing content
2025-05-31T15:41:38.607Z - Step 3: Parsing document sections
2025-05-31T15:41:38.609Z - Step 4: Extracting metadata
2025-05-31T15:41:38.610Z - Extracting metadata from content
2025-05-31T15:41:38.611Z - Extracted patient info: {"name":"Test Patient","dob":"01/01/1980"}
2025-05-31T15:41:38.612Z - Extracted lab info: {}
2025-05-31T15:41:38.612Z - Step 5: Extracting biomarkers
2025-05-31T15:41:38.613Z - Extracting biomarkers
2025-05-31T15:41:38.630Z - Traditional extractor found 1 biomarkers
2025-05-31T15:41:38.631Z - Normalizing biomarker objects
2025-05-31T15:41:38.642Z - Normalized biomarker name: "TEST RESULTS Glucose:" → "GLUCOSE"
2025-05-31T15:41:38.643Z - Normalized traditional biomarkers: 1 remaining
2025-05-31T15:41:38.650Z - Generic extractor found 2 biomarkers
2025-05-31T15:41:38.651Z - Normalizing biomarker objects
2025-05-31T15:41:38.662Z - Normalized generic biomarkers: 2 remaining
2025-05-31T15:41:38.664Z - Validated generic biomarkers: 1 remaining after dictionary validation
2025-05-31T15:41:38.665Z - Combined and deduped 2 to 1 biomarkers
2025-05-31T15:41:38.665Z - Extracted 1 potential biomarkers
2025-05-31T15:41:38.666Z - Step 6: Extracting clinical remarks
2025-05-31T15:41:38.666Z - Starting remarks extraction (BloodTestParser)
