2025-05-31T16:22:35.439Z - BloodTestParser initialized with 15 characters
2025-05-31T16:22:35.441Z - Processing file: undefined, size: undefined bytes
2025-05-31T16:22:35.443Z - Starting BloodTestParser.parse method for reportType: generic
2025-05-31T16:22:35.445Z - Starting blood test report parsing
2025-05-31T16:22:35.447Z - Raw OCR Text (BloodTestParser Start - First 500 chars):
[object Object]...
2025-05-31T16:22:35.448Z - Step 1: Normalizing OCR text
2025-05-31T16:22:35.452Z - Text normalized from 15 to 15 chars
2025-05-31T16:22:35.454Z - Normalized OCR Text (After OcrNormalizer.normalize - First 500 chars):
[object Object]...
2025-05-31T16:22:35.457Z - Step 2: Preprocessing content
2025-05-31T16:22:35.460Z - Step 3: Parsing document sections
2025-05-31T16:22:35.463Z - Step 4: Extracting metadata
2025-05-31T16:22:35.466Z - Extracting metadata from content
2025-05-31T16:22:35.469Z - Extracted patient info: {}
2025-05-31T16:22:35.472Z - Extracted lab info: {}
2025-05-31T16:22:35.474Z - Step 5: Extracting biomarkers
2025-05-31T16:22:35.475Z - Extracting biomarkers
2025-05-31T16:22:35.491Z - Traditional extractor found 0 biomarkers
2025-05-31T16:22:35.492Z - Normalizing biomarker objects
2025-05-31T16:22:35.494Z - Normalized traditional biomarkers: 0 remaining
2025-05-31T16:22:35.503Z - Generic extractor found 0 biomarkers
2025-05-31T16:22:35.505Z - Normalizing biomarker objects
2025-05-31T16:22:35.508Z - Normalized generic biomarkers: 0 remaining
2025-05-31T16:22:35.512Z - Validated generic biomarkers: 0 remaining after dictionary validation
2025-05-31T16:22:35.514Z - Combined and deduped 0 to 0 biomarkers
2025-05-31T16:22:35.515Z - Extracted 0 potential biomarkers
2025-05-31T16:22:35.518Z - Step 6: Extracting clinical remarks
2025-05-31T16:22:35.521Z - Starting remarks extraction (BloodTestParser)
2025-05-31T16:22:35.540Z - No remarks data found or remarks array was empty/falsy in external result.
2025-05-31T16:22:35.542Z - Extracted 0 remarks
2025-05-31T16:22:35.543Z - Step 7: Validating results
2025-05-31T16:22:35.545Z - Step 8: Preparing final result
2025-05-31T16:22:35.546Z - Parsing completed successfully. Found 0 biomarkers and 0 remarks.
