2025-05-31T15:34:15.618Z - BloodTestParser initialized with 187 characters
2025-05-31T15:34:15.621Z - Starting BloodTestParser.parse method for reportType: generic
2025-05-31T15:34:15.624Z - Starting blood test report parsing
2025-05-31T15:34:15.625Z - Raw OCR Text (BloodTestParser Start - First 500 chars):

      PATIENT INFORMATION
      Name: Test Patient
      DOB: 01/01/1980
      
      TEST RESULTS
      Glucose: 95 mg/dL (70-99)
      
      REMARKS
      No significant findings
    ...
2025-05-31T15:34:15.627Z - Step 1: Normalizing OCR text
2025-05-31T15:34:15.631Z - Text normalized from 187 to 125 chars
2025-05-31T15:34:15.634Z - Normalized OCR Text (After OcrNormalizer.normalize - First 500 chars):
PATIENT INFORMATION
Name: Test Patient
DOB: 01/01/1980
TEST RESULTS
Glucose: 95 mg/dL (70-99)
REMARKS
No significant findings...
2025-05-31T15:34:15.636Z - Step 2: Preprocessing content
2025-05-31T15:34:15.639Z - Step 3: Parsing document sections
2025-05-31T15:34:15.642Z - Step 4: Extracting metadata
2025-05-31T15:34:15.643Z - Extracting metadata from content
2025-05-31T15:34:15.645Z - Extracted patient info: {"name":"Test Patient","dob":"01/01/1980"}
2025-05-31T15:34:15.647Z - Extracted lab info: {}
2025-05-31T15:34:15.648Z - Step 5: Extracting biomarkers
2025-05-31T15:34:15.650Z - Extracting biomarkers
2025-05-31T15:34:15.756Z - Traditional extractor found 1 biomarkers
2025-05-31T15:34:15.758Z - Normalizing biomarker objects
2025-05-31T15:34:15.796Z - Normalized biomarker name: "TEST RESULTS Glucose:" → "GLUCOSE"
2025-05-31T15:34:15.798Z - Normalized traditional biomarkers: 1 remaining
2025-05-31T15:34:15.816Z - Generic extractor found 2 biomarkers
2025-05-31T15:34:15.819Z - Normalizing biomarker objects
2025-05-31T15:34:15.876Z - Normalized generic biomarkers: 2 remaining
2025-05-31T15:34:15.896Z - Validated generic biomarkers: 1 remaining after dictionary validation
2025-05-31T15:34:15.898Z - Combined and deduped 2 to 1 biomarkers
2025-05-31T15:34:15.901Z - Extracted 1 potential biomarkers
2025-05-31T15:34:15.903Z - Step 6: Extracting clinical remarks
2025-05-31T15:34:15.906Z - Starting remarks extraction (BloodTestParser)
