2025-05-31T15:09:28.673Z - BloodTestParser initialized with 187 characters
2025-05-31T15:09:28.674Z - Starting blood test report parsing
2025-05-31T15:09:28.674Z - Raw OCR Text (BloodTestParser Start - First 500 chars):

      PATIENT INFORMATION
      Name: Test Patient
      DOB: 01/01/1980
      
      TEST RESULTS
      Glucose: 95 mg/dL (70-99)
      
      REMARKS
      No significant findings
    ...
2025-05-31T15:09:28.675Z - Step 1: Normalizing OCR text
2025-05-31T15:09:28.678Z - Text normalized from 187 to 125 chars
2025-05-31T15:09:28.678Z - Normalized OCR Text (After OcrNormalizer.normalize - First 500 chars):
PATIENT INFORMATION
Name: Test Patient
DOB: 01/01/1980
TEST RESULTS
Glucose: 95 mg/dL (70-99)
REMARKS
No significant findings...
2025-05-31T15:09:28.679Z - Step 2: Preprocessing content
2025-05-31T15:09:28.680Z - Step 3: Parsing document sections
2025-05-31T15:09:28.681Z - Step 4: Extracting metadata
2025-05-31T15:09:28.682Z - Extracting metadata from content
2025-05-31T15:09:28.683Z - Extracted patient info: {"name":"Test Patient","dob":"01/01/1980"}
2025-05-31T15:09:28.686Z - Extracted lab info: {}
2025-05-31T15:09:28.688Z - Step 5: Extracting biomarkers
2025-05-31T15:09:28.696Z - Extracting biomarkers
2025-05-31T15:09:28.710Z - Traditional extractor found 1 biomarkers
2025-05-31T15:09:28.710Z - Normalizing biomarker objects
2025-05-31T15:09:28.715Z - Normalized biomarker name: "TEST RESULTS Glucose:" → "GLUCOSE"
2025-05-31T15:09:28.716Z - Normalized traditional biomarkers: 1 remaining
2025-05-31T15:09:28.723Z - Generic extractor found 2 biomarkers
2025-05-31T15:09:28.724Z - Normalizing biomarker objects
2025-05-31T15:09:28.728Z - Normalized generic biomarkers: 2 remaining
2025-05-31T15:09:28.731Z - Validated generic biomarkers: 1 remaining after dictionary validation
2025-05-31T15:09:28.731Z - Combined and deduped 2 to 1 biomarkers
2025-05-31T15:09:28.732Z - Extracted 1 potential biomarkers
2025-05-31T15:09:28.732Z - Step 6: Extracting clinical remarks
2025-05-31T15:09:28.733Z - Starting remarks extraction (BloodTestParser)
