2025-05-31T15:42:01.080Z - BloodTestParser initialized with 187 characters
2025-05-31T15:42:01.082Z - Starting BloodTestParser.parse method for reportType: generic
2025-05-31T15:42:01.083Z - Starting blood test report parsing
2025-05-31T15:42:01.083Z - Raw OCR Text (BloodTestParser Start - First 500 chars):

      PATIENT INFORMATION
      Name: Test Patient
      DOB: 01/01/1980
      
      TEST RESULTS
      Glucose: 95 mg/dL (70-99)
      
      REMARKS
      No significant findings
    ...
2025-05-31T15:42:01.084Z - Step 1: Normalizing OCR text
2025-05-31T15:42:01.089Z - Text normalized from 187 to 125 chars
2025-05-31T15:42:01.090Z - Normalized OCR Text (After OcrNormalizer.normalize - First 500 chars):
PATIENT INFORMATION
Name: Test Patient
DOB: 01/01/1980
TEST RESULTS
Glucose: 95 mg/dL (70-99)
REMARKS
No significant findings...
2025-05-31T15:42:01.091Z - Step 2: Preprocessing content
2025-05-31T15:42:01.092Z - Step 3: Parsing document sections
2025-05-31T15:42:01.095Z - Step 4: Extracting metadata
2025-05-31T15:42:01.097Z - Extracting metadata from content
2025-05-31T15:42:01.099Z - Extracted patient info: {"name":"Test Patient","dob":"01/01/1980"}
2025-05-31T15:42:01.100Z - Extracted lab info: {}
2025-05-31T15:42:01.101Z - Step 5: Extracting biomarkers
2025-05-31T15:42:01.102Z - Extracting biomarkers
2025-05-31T15:42:01.128Z - Traditional extractor found 1 biomarkers
2025-05-31T15:42:01.129Z - Normalizing biomarker objects
2025-05-31T15:42:01.143Z - Normalized biomarker name: "TEST RESULTS Glucose:" → "GLUCOSE"
2025-05-31T15:42:01.144Z - Normalized traditional biomarkers: 1 remaining
2025-05-31T15:42:01.154Z - Generic extractor found 2 biomarkers
2025-05-31T15:42:01.155Z - Normalizing biomarker objects
2025-05-31T15:42:01.170Z - Normalized generic biomarkers: 2 remaining
2025-05-31T15:42:01.173Z - Validated generic biomarkers: 1 remaining after dictionary validation
2025-05-31T15:42:01.174Z - Combined and deduped 2 to 1 biomarkers
2025-05-31T15:42:01.175Z - Extracted 1 potential biomarkers
2025-05-31T15:42:01.177Z - Step 6: Extracting clinical remarks
2025-05-31T15:42:01.178Z - Starting remarks extraction (BloodTestParser)
