2025-05-31T16:24:52.422Z - BloodTestParser initialized with 187 characters
2025-05-31T16:24:52.425Z - Starting BloodTestParser.parse method for reportType: generic
2025-05-31T16:24:52.426Z - Starting blood test report parsing
2025-05-31T16:24:52.428Z - Raw OCR Text (BloodTestParser Start - First 500 chars):

      PATIENT INFORMATION
      Name: Test Patient
      DOB: 01/01/1980
      
      TEST RESULTS
      Glucose: 95 mg/dL (70-99)
      
      REMARKS
      No significant findings
    ...
2025-05-31T16:24:52.430Z - Step 1: Normalizing OCR text
2025-05-31T16:24:52.435Z - Text normalized from 187 to 125 chars
2025-05-31T16:24:52.438Z - Normalized OCR Text (After OcrNormalizer.normalize - First 500 chars):
PATIENT INFORMATION
Name: Test Patient
DOB: 01/01/1980
TEST RESULTS
Glucose: 95 mg/dL (70-99)
REMARKS
No significant findings...
2025-05-31T16:24:52.440Z - Step 2: Preprocessing content
2025-05-31T16:24:52.443Z - Step 3: Parsing document sections
2025-05-31T16:24:52.446Z - Step 4: Extracting metadata
2025-05-31T16:24:52.447Z - Extracting metadata from content
2025-05-31T16:24:52.450Z - Extracted patient info: {"name":"Test Patient","dob":"01/01/1980"}
2025-05-31T16:24:52.453Z - Extracted lab info: {}
2025-05-31T16:24:52.455Z - Step 5: Extracting biomarkers
2025-05-31T16:24:52.458Z - Extracting biomarkers
2025-05-31T16:24:52.543Z - Traditional extractor found 1 biomarkers
2025-05-31T16:24:52.545Z - Normalizing biomarker objects
2025-05-31T16:24:52.569Z - Normalized biomarker name: "TEST RESULTS Glucose:" → "GLUCOSE"
2025-05-31T16:24:52.571Z - Normalized traditional biomarkers: 1 remaining
2025-05-31T16:24:52.583Z - Generic extractor found 2 biomarkers
2025-05-31T16:24:52.586Z - Normalizing biomarker objects
2025-05-31T16:24:52.625Z - Normalized generic biomarkers: 2 remaining
2025-05-31T16:24:52.630Z - Validated generic biomarkers: 1 remaining after dictionary validation
2025-05-31T16:24:52.631Z - Combined and deduped 2 to 1 biomarkers
2025-05-31T16:24:52.632Z - Extracted 1 potential biomarkers
2025-05-31T16:24:52.633Z - Step 6: Extracting clinical remarks
2025-05-31T16:24:52.636Z - Starting remarks extraction (BloodTestParser)
