2025-05-31T12:01:15.488Z - BloodTestParser initialized with 1557 characters
2025-05-31T12:01:15.490Z - Content preview: BAHRIA TOWN INTERNATIONAL HOSPITAL test S KARACHI BRANCH  Precinct 19, Phase 1, Bahria Town Karac 1111 284 111 111284 LABORATORY REPORT MR.NO : 010-009-549 NAME _: SYED HASSAN ABBAS RIZVI SIO SYED RAZA ALI RIZVI SEX tM REFBY : ADDRESS : VILLA#I7 STREET#31 SPORTS CITY AGE 65Y 04Mo 030 CONTAC...
2025-05-31T12:01:15.492Z - Starting blood test report parsing
2025-05-31T12:01:15.494Z - Step 1: Normalizing OCR text
2025-05-31T12:01:15.509Z - Text normalized from 1557 to 1458 chars
2025-05-31T12:01:15.512Z - Step 2: Preprocessing content
2025-05-31T12:01:15.515Z - Step 3: Parsing document sections
2025-05-31T12:01:15.520Z - Step 4: Extracting metadata
2025-05-31T12:01:15.522Z - Extracting metadata from content
2025-05-31T12:01:15.525Z - Extracted patient info: {"age":"65"}
2025-05-31T12:01:15.528Z - Extracted lab info: {}
2025-05-31T12:01:15.530Z - Step 5: Extracting biomarkers
2025-05-31T12:01:15.532Z - Extracting biomarkers
2025-05-31T12:01:15.574Z - Traditional extractor found 12 biomarkers
2025-05-31T12:01:15.575Z - Normalizing biomarker objects
2025-05-31T12:01:15.587Z - Normalized biomarker name: "Magnesium (5 erum) 5 amp 1 e" → "MAGNESIUM"
2025-05-31T12:01:15.589Z - Normalized biomarker name: "Magnesium" → "MAGNESIUM"
2025-05-31T12:01:15.594Z - Normalized biomarker name: "UREA (5 erum) 5 amp 1 e" → "UREA"
2025-05-31T12:01:15.596Z - Normalized traditional biomarkers: 12 remaining
2025-05-31T12:01:15.632Z - Generic extractor found 19 biomarkers
2025-05-31T12:01:15.634Z - Normalizing biomarker objects
2025-05-31T12:01:15.644Z - Normalized generic biomarkers: 19 remaining
2025-05-31T12:01:15.657Z - Validated generic biomarkers: 8 remaining after dictionary validation
2025-05-31T12:01:15.658Z - Combined and deduped 20 to 11 biomarkers
2025-05-31T12:01:15.660Z - Extracted 11 potential biomarkers
2025-05-31T12:01:15.661Z - Step 6: Extracting clinical remarks
2025-05-31T12:01:15.663Z - Starting remarks extraction (BloodTestParser)
2025-05-31T12:01:15.668Z - No remarks data found or remarks array was empty/falsy in external result.
2025-05-31T12:01:15.671Z - Extracted 0 remarks
2025-05-31T12:01:15.672Z - Step 7: Validating results
2025-05-31T12:01:15.681Z - Step 8: Preparing final result
2025-05-31T12:01:15.684Z - Parsing completed successfully. Found 8 biomarkers and 0 remarks.
