2025-05-31T15:42:01.058Z - BloodTestParser initialized with 448 characters
2025-05-31T15:42:01.061Z - Starting BloodTestParser.parse method for reportType: generic
2025-05-31T15:42:01.062Z - Starting blood test report parsing
2025-05-31T15:42:01.063Z - Raw OCR Text (BloodTestParser Start - First 500 chars):
PATIENT INFORMATION
-----------------
Name: John Doe
DOB: 01/01/1980
MRN: 123456789

TEST RESULTS
-----------
1. Glucose: 95 mg/dL (70-99)
2. Hemoglobin A1c: 5.8% (<5.7%)
3. Total Cholesterol: 180 mg/dL (<200)
4. HDL: 45 mg/dL (>40)
5. LDL: 110 mg/dL (<100)
6. Triglycerides: 150 mg/dL (<150)
7. Vitamin D: 22 ng/mL (30-100)

REMARKS
-------
- Patient shows Vitamin D insufficiency
- LDL is slightly elevated
- All other values within normal range
...
2025-05-31T15:42:01.064Z - Step 1: Normalizing OCR text
2025-05-31T15:42:01.069Z - Text normalized from 448 to 409 chars
2025-05-31T15:42:01.070Z - Normalized OCR Text (After OcrNormalizer.normalize - First 500 chars):
PATIENT INFORMATION
Name: John Doe
DOB: 01/01/1980
MRN: 123456789
TEST RESULTS
1. Glucose: 95 mg/dL (70-99)
2. Hemoglobin A 1 c: 5.8% (<5.7%)
3. Total Cholesterol: 180 mg/dL (<200)
4. HDL: 45 mg/dL (>40)
5. LDL: 110 mg/dL (<100)
6. Triglycerides: 150 mg/dL (<150)
7. Vitamin D: 22 ng/mL (30-100)
REMARKS
- Patient shows Vitamin D insufficiency
- LDL is slightly elevated
- All other values within normal range...
2025-05-31T15:42:01.071Z - Step 2: Preprocessing content
2025-05-31T15:42:01.072Z - Step 3: Parsing document sections
2025-05-31T15:42:01.074Z - Step 4: Extracting metadata
2025-05-31T15:42:01.075Z - Extracting metadata from content
2025-05-31T15:42:01.077Z - Extracted patient info: {"name":"John Doe","dob":"01/01/1980","id":":"}
2025-05-31T15:42:01.079Z - Extracted lab info: {}
2025-05-31T15:42:01.080Z - Step 5: Extracting biomarkers
2025-05-31T15:42:01.082Z - Extracting biomarkers
2025-05-31T15:42:01.141Z - Traditional extractor found 6 biomarkers
2025-05-31T15:42:01.142Z - Normalizing biomarker objects
2025-05-31T15:42:01.149Z - Normalized biomarker name: "TEST RESULTS 1. Glucose:" → "GLUCOSE"
2025-05-31T15:42:01.162Z - Normalized biomarker name: "2. Hemoglobin A 1 c:" → "HEMOGLOBIN"
2025-05-31T15:42:01.177Z - Normalized biomarker name: "3. Total Cholesterol:" → ". Total Cholesterol:"
2025-05-31T15:42:01.182Z - Normalized biomarker name: "4. HDL:" → ". HDL:"
2025-05-31T15:42:01.186Z - Normalized biomarker name: "5. LDL:" → ". LDL:"
2025-05-31T15:42:01.191Z - Normalized biomarker name: "6. Triglycerides:" → ". Triglycerides:"
2025-05-31T15:42:01.192Z - Normalized traditional biomarkers: 6 remaining
2025-05-31T15:42:01.200Z - Generic extractor found 10 biomarkers
2025-05-31T15:42:01.201Z - Normalizing biomarker objects
2025-05-31T15:42:01.229Z - Normalized biomarker name: "Hemoglobin A" → "HEMOGLOBIN"
2025-05-31T15:42:01.234Z - Normalized generic biomarkers: 10 remaining
2025-05-31T15:42:01.243Z - Validated generic biomarkers: 8 remaining after dictionary validation
2025-05-31T15:42:01.244Z - Combined and deduped 14 to 6 biomarkers
2025-05-31T15:42:01.245Z - Extracted 6 potential biomarkers
2025-05-31T15:42:01.245Z - Step 6: Extracting clinical remarks
2025-05-31T15:42:01.246Z - Starting remarks extraction (BloodTestParser)
