2025-05-31T11:20:15.084Z - BloodTestParser initialized with 1557 characters
2025-05-31T11:20:15.085Z - Content preview: BAHRIA TOWN INTERNATIONAL HOSPITAL test S KARACHI BRANCH  Precinct 19, Phase 1, Bahria Town Karac 1111 284 111 111284 LABORATORY REPORT MR.NO : 010-009-549 NAME _: SYED HASSAN ABBAS RIZVI SIO SYED RAZA ALI RIZVI SEX tM REFBY : ADDRESS : VILLA#I7 STREET#31 SPORTS CITY AGE 65Y 04Mo 030 CONTAC...
2025-05-31T11:20:15.086Z - Starting blood test report parsing
2025-05-31T11:20:15.086Z - Step 1: Normalizing OCR text
2025-05-31T11:20:15.089Z - Text normalized from 1557 to 1260 chars
2025-05-31T11:20:15.090Z - Step 2: Preprocessing content
2025-05-31T11:20:15.091Z - Step 3: Parsing document sections
2025-05-31T11:20:15.091Z - Step 4: Extracting metadata
2025-05-31T11:20:15.092Z - Extracting metadata from content
2025-05-31T11:20:15.092Z - Extracted patient info: {"age":"65"}
2025-05-31T11:20:15.093Z - Extracted lab info: {}
2025-05-31T11:20:15.093Z - Step 5: Extracting biomarkers
2025-05-31T11:20:15.093Z - Extracting biomarkers
2025-05-31T11:20:15.095Z - Traditional extractor found 1 biomarkers
2025-05-31T11:20:15.095Z - Normalizing biomarker objects
2025-05-31T11:20:15.096Z - Normalized biomarker name: "REF 8 Y: V 1 LLA#17 5 TREET#31 5 P 0 RT 5 C 1 TY AGE 65 Y 04 M 0 030 C 0 NTACT: 03040120825 810 CHEM 15 TRY 1 nvestigati 0 n Va 1 ues Reference Ranges * Last Avai 1 ab 1 e Resu 1 ts CREAT 1 N 1 NE (5 erum) 5 amp 1 e: 15-Apr-2025 CREAT 1 N 1 NE (5 erum)" → "REF Y: V LLA# TREET# P RT C TY AGE Y M C NTACT: CHEM TRY nvestigati n Va ues Reference Ranges * Last Avai ab e Resu ts CREATININE ( erum) amp e: -Apr- CREATININE ( erum"
2025-05-31T11:20:15.096Z - Normalized traditional biomarkers: 1 remaining
2025-05-31T11:20:15.097Z - Generic extractor found 0 biomarkers
2025-05-31T11:20:15.098Z - Normalizing biomarker objects
2025-05-31T11:20:15.098Z - Normalized generic biomarkers: 0 remaining
2025-05-31T11:20:15.099Z - Combined and deduped 1 to 1 biomarkers
2025-05-31T11:20:15.100Z - Extracted 1 potential biomarkers
2025-05-31T11:20:15.101Z - Step 6: Extracting clinical remarks
2025-05-31T11:20:15.102Z - Starting remarks extraction (BloodTestParser)
2025-05-31T11:20:15.105Z - No remarks data found or remarks array was empty/falsy in external result.
2025-05-31T11:20:15.106Z - Extracted 0 remarks
2025-05-31T11:20:15.106Z - Step 7: Validating results
2025-05-31T11:20:15.108Z - Step 8: Preparing final result
2025-05-31T11:20:15.108Z - Parsing completed successfully. Found 1 biomarkers and 0 remarks.
