2025-05-31T15:25:36.707Z - BloodTestParser initialized with 187 characters
2025-05-31T15:25:36.711Z - Starting BloodTestParser.parse method for reportType: generic
2025-05-31T15:25:36.714Z - Starting blood test report parsing
2025-05-31T15:25:36.717Z - Raw OCR Text (BloodTestParser Start - First 500 chars):

      PATIENT INFORMATION
      Name: Test Patient
      DOB: 01/01/1980
      
      TEST RESULTS
      Glucose: 95 mg/dL (70-99)
      
      REMARKS
      No significant findings
    ...
2025-05-31T15:25:36.719Z - Step 1: Normalizing OCR text
2025-05-31T15:25:36.725Z - Text normalized from 187 to 125 chars
2025-05-31T15:25:36.730Z - Normalized OCR Text (After OcrNormalizer.normalize - First 500 chars):
PATIENT INFORMATION
Name: Test Patient
DOB: 01/01/1980
TEST RESULTS
Glucose: 95 mg/dL (70-99)
REMARKS
No significant findings...
2025-05-31T15:25:36.738Z - Step 2: Preprocessing content
2025-05-31T15:25:36.743Z - Step 3: Parsing document sections
2025-05-31T15:25:36.751Z - Step 4: Extracting metadata
2025-05-31T15:25:36.756Z - Extracting metadata from content
2025-05-31T15:25:36.762Z - Extracted patient info: {"name":"Test Patient","dob":"01/01/1980"}
2025-05-31T15:25:36.767Z - Extracted lab info: {}
2025-05-31T15:25:36.776Z - Step 5: Extracting biomarkers
2025-05-31T15:25:36.780Z - Extracting biomarkers
2025-05-31T15:25:36.933Z - Traditional extractor found 1 biomarkers
2025-05-31T15:25:36.935Z - Normalizing biomarker objects
2025-05-31T15:25:36.981Z - Normalized biomarker name: "TEST RESULTS Glucose:" → "GLUCOSE"
2025-05-31T15:25:36.983Z - Normalized traditional biomarkers: 1 remaining
2025-05-31T15:25:37.008Z - Generic extractor found 2 biomarkers
2025-05-31T15:25:37.011Z - Normalizing biomarker objects
2025-05-31T15:25:37.068Z - Normalized generic biomarkers: 2 remaining
2025-05-31T15:25:37.086Z - Validated generic biomarkers: 1 remaining after dictionary validation
2025-05-31T15:25:37.088Z - Combined and deduped 2 to 1 biomarkers
2025-05-31T15:25:37.090Z - Extracted 1 potential biomarkers
2025-05-31T15:25:37.093Z - Step 6: Extracting clinical remarks
2025-05-31T15:25:37.095Z - Starting remarks extraction (BloodTestParser)
