2025-05-31T15:12:02.743Z - BloodTestParser initialized with 861 characters
2025-05-31T15:12:02.747Z - Starting blood test report parsing
2025-05-31T15:12:02.750Z - Raw OCR Text (BloodTestParser Start - First 500 chars):
COMPREHENSIVE METABOLIC PANEL
Patient: John Doe
Date: 2025-05-30

TEST            RESULT      REFERENCE RANGE     FLAG
---------------------------------------------------------
Glucose         105 mg/dL   70-99 mg/dL         HIGH
Cholesterol     198 mg/dL   <200 mg/dL          
HDL             45 mg/dL    >40 mg/dL           
LDL             120 mg/dL   <100 mg/dL          HIGH
Triglycerides   150 mg/dL   <150 mg/dL          
Hemoglobin      14.5 g/dL   13.0-17.0 g/dL      
WBC             7.2 K...
2025-05-31T15:12:02.754Z - Step 1: Normalizing OCR text
2025-05-31T15:12:02.759Z - Text normalized from 861 to 508 chars
2025-05-31T15:12:02.762Z - Normalized OCR Text (After OcrNormalizer.normalize - First 500 chars):
COMPREHENSIVE METABOLIC PANEL
Patient: John Doe
Date: 2025-05-30
TEST RESULT REFERENCE RANGE FLAG
Glucose 105 mg/dL 70-99 mg/dL HIGH
Cholesterol 198 mg/dL <200 mg/dL
HDL 45 mg/dL >40 mg/dL
LDL 120 mg/dL <100 mg/dL HIGH
Triglycerides 150 mg/dL <150 mg/dL
Hemoglobin 14.5 g/dL 13.0-17.0 g/dL
WBC 7.2 K/uL 4.5-11.0 K/uL
RBC 5.1 M/uL 4.5-5.9 M/uL
Platelets 250 10^3/µL 150-450 10^3/µL
ALT 30 U/L 10-40 U/L
AST 25 U/L 10-40 U/L
Creatinine 0.9 mg/dL 0.6-1.2 mg/dL
BUN 15 mg/dL 7-20 mg/dL
eGFR >90 mL/min >6...
2025-05-31T15:12:02.767Z - Step 2: Preprocessing content
2025-05-31T15:12:02.771Z - Step 3: Parsing document sections
2025-05-31T15:12:02.784Z - Step 4: Extracting metadata
2025-05-31T15:12:02.790Z - Extracting metadata from content
2025-05-31T15:12:02.794Z - Extracted patient info: {}
2025-05-31T15:12:02.796Z - Extracted lab info: {"reportDate":"2025-05-30"}
2025-05-31T15:12:02.801Z - Step 5: Extracting biomarkers
2025-05-31T15:12:02.807Z - Extracting biomarkers
2025-05-31T15:12:03.089Z - Traditional extractor found 13 biomarkers
2025-05-31T15:12:03.091Z - Normalizing biomarker objects
2025-05-31T15:12:03.121Z - Normalized biomarker name: "TEST RESULT REFERENCE RANGE FLAG Glucose" → "GLUCOSE"
2025-05-31T15:12:03.204Z - Normalized biomarker name: "Hemoglobin" → "HEMOGLOBIN"
2025-05-31T15:12:03.253Z - Normalized biomarker name: "Platelets" → "PLATELETS"
2025-05-31T15:12:03.340Z - Normalized traditional biomarkers: 13 remaining
2025-05-31T15:12:03.392Z - Generic extractor found 13 biomarkers
2025-05-31T15:12:03.393Z - Normalizing biomarker objects
2025-05-31T15:12:03.609Z - Normalized generic biomarkers: 13 remaining
2025-05-31T15:12:03.675Z - Validated generic biomarkers: 13 remaining after dictionary validation
2025-05-31T15:12:03.677Z - Combined and deduped 26 to 16 biomarkers
2025-05-31T15:12:03.678Z - Extracted 16 potential biomarkers
2025-05-31T15:12:03.680Z - Step 6: Extracting clinical remarks
2025-05-31T15:12:03.683Z - Starting remarks extraction (BloodTestParser)
2025-05-31T15:12:03.702Z - No remarks data found or remarks array was empty/falsy in external result.
2025-05-31T15:12:03.704Z - Extracted 0 remarks
2025-05-31T15:12:03.706Z - Step 7: Validating results
2025-05-31T15:12:03.708Z - Step 8: Preparing final result
2025-05-31T15:12:03.709Z - Parsing completed successfully. Found 5 biomarkers and 0 remarks.
