2025-05-31T15:31:28.114Z - BloodTestParser initialized with 187 characters
2025-05-31T15:31:28.118Z - Starting BloodTestParser.parse method for reportType: generic
2025-05-31T15:31:28.120Z - Starting blood test report parsing
2025-05-31T15:31:28.123Z - Raw OCR Text (BloodTestParser Start - First 500 chars):

      PATIENT INFORMATION
      Name: Test Patient
      DOB: 01/01/1980
      
      TEST RESULTS
      Glucose: 95 mg/dL (70-99)
      
      REMARKS
      No significant findings
    ...
2025-05-31T15:31:28.125Z - Step 1: Normalizing OCR text
2025-05-31T15:31:28.131Z - Text normalized from 187 to 125 chars
2025-05-31T15:31:28.133Z - Normalized OCR Text (After OcrNormalizer.normalize - First 500 chars):
PATIENT INFORMATION
Name: Test Patient
DOB: 01/01/1980
TEST RESULTS
Glucose: 95 mg/dL (70-99)
REMARKS
No significant findings...
2025-05-31T15:31:28.135Z - Step 2: Preprocessing content
2025-05-31T15:31:28.137Z - Step 3: Parsing document sections
2025-05-31T15:31:28.140Z - Step 4: Extracting metadata
2025-05-31T15:31:28.142Z - Extracting metadata from content
2025-05-31T15:31:28.146Z - Extracted patient info: {"name":"Test Patient","dob":"01/01/1980"}
2025-05-31T15:31:28.148Z - Extracted lab info: {}
2025-05-31T15:31:28.150Z - Step 5: Extracting biomarkers
2025-05-31T15:31:28.152Z - Extracting biomarkers
2025-05-31T15:31:28.265Z - Traditional extractor found 1 biomarkers
2025-05-31T15:31:28.266Z - Normalizing biomarker objects
2025-05-31T15:31:28.300Z - Normalized biomarker name: "TEST RESULTS Glucose:" → "GLUCOSE"
2025-05-31T15:31:28.301Z - Normalized traditional biomarkers: 1 remaining
2025-05-31T15:31:28.319Z - Generic extractor found 2 biomarkers
2025-05-31T15:31:28.320Z - Normalizing biomarker objects
2025-05-31T15:31:28.360Z - Normalized generic biomarkers: 2 remaining
2025-05-31T15:31:28.378Z - Validated generic biomarkers: 1 remaining after dictionary validation
2025-05-31T15:31:28.380Z - Combined and deduped 2 to 1 biomarkers
2025-05-31T15:31:28.381Z - Extracted 1 potential biomarkers
2025-05-31T15:31:28.382Z - Step 6: Extracting clinical remarks
2025-05-31T15:31:28.384Z - Starting remarks extraction (BloodTestParser)
