2025-05-31T16:31:25.290Z - BloodTestParser initialized with 187 characters
2025-05-31T16:31:25.292Z - Starting BloodTestParser.parse method for reportType: generic
2025-05-31T16:31:25.294Z - Starting blood test report parsing
2025-05-31T16:31:25.297Z - Raw OCR Text (BloodTestParser Start - First 500 chars):

      PATIENT INFORMATION
      Name: Test Patient
      DOB: 01/01/1980
      
      TEST RESULTS
      Glucose: 95 mg/dL (70-99)
      
      REMARKS
      No significant findings
    ...
2025-05-31T16:31:25.299Z - Step 1: Normalizing OCR text
2025-05-31T16:31:25.303Z - Text normalized from 187 to 125 chars
2025-05-31T16:31:25.305Z - Normalized OCR Text (After OcrNormalizer.normalize - First 500 chars):
PATIENT INFORMATION
Name: Test Patient
DOB: 01/01/1980
TEST RESULTS
Glucose: 95 mg/dL (70-99)
REMARKS
No significant findings...
2025-05-31T16:31:25.307Z - Step 2: Preprocessing content
2025-05-31T16:31:25.308Z - Step 3: Parsing document sections
2025-05-31T16:31:25.310Z - Step 4: Extracting metadata
2025-05-31T16:31:25.312Z - Extracting metadata from content
2025-05-31T16:31:25.314Z - Extracted patient info: {"name":"Test Patient","dob":"01/01/1980"}
2025-05-31T16:31:25.319Z - Extracted lab info: {}
2025-05-31T16:31:25.321Z - Step 5: Extracting biomarkers
2025-05-31T16:31:25.322Z - Extracting biomarkers
2025-05-31T16:31:25.383Z - Traditional extractor found 1 biomarkers
2025-05-31T16:31:25.384Z - Normalizing biomarker objects
2025-05-31T16:31:25.410Z - Normalized biomarker name: "TEST RESULTS Glucose:" → "GLUCOSE"
2025-05-31T16:31:25.411Z - Normalized traditional biomarkers: 1 remaining
2025-05-31T16:31:25.426Z - Generic extractor found 2 biomarkers
2025-05-31T16:31:25.427Z - Normalizing biomarker objects
2025-05-31T16:31:25.464Z - Normalized generic biomarkers: 2 remaining
2025-05-31T16:31:25.468Z - Validated generic biomarkers: 1 remaining after dictionary validation
2025-05-31T16:31:25.469Z - Combined and deduped 2 to 1 biomarkers
2025-05-31T16:31:25.471Z - Extracted 1 potential biomarkers
2025-05-31T16:31:25.472Z - Step 6: Extracting clinical remarks
2025-05-31T16:31:25.474Z - Starting remarks extraction (BloodTestParser)
