2025-05-31T15:42:53.712Z - BloodTestParser initialized with 187 characters
2025-05-31T15:42:53.716Z - Starting BloodTestParser.parse method for reportType: generic
2025-05-31T15:42:53.718Z - Starting blood test report parsing
2025-05-31T15:42:53.720Z - Raw OCR Text (BloodTestParser Start - First 500 chars):

      PATIENT INFORMATION
      Name: Test Patient
      DOB: 01/01/1980
      
      TEST RESULTS
      Glucose: 95 mg/dL (70-99)
      
      REMARKS
      No significant findings
    ...
2025-05-31T15:42:53.723Z - Step 1: Normalizing OCR text
2025-05-31T15:42:53.729Z - Text normalized from 187 to 125 chars
2025-05-31T15:42:53.731Z - Normalized OCR Text (After OcrNormalizer.normalize - First 500 chars):
PATIENT INFORMATION
Name: Test Patient
DOB: 01/01/1980
TEST RESULTS
Glucose: 95 mg/dL (70-99)
REMARKS
No significant findings...
2025-05-31T15:42:53.734Z - Step 2: Preprocessing content
2025-05-31T15:42:53.736Z - Step 3: Parsing document sections
2025-05-31T15:42:53.741Z - Step 4: Extracting metadata
2025-05-31T15:42:53.744Z - Extracting metadata from content
2025-05-31T15:42:53.747Z - Extracted patient info: {"name":"Test Patient","dob":"01/01/1980"}
2025-05-31T15:42:53.749Z - Extracted lab info: {}
2025-05-31T15:42:53.750Z - Step 5: Extracting biomarkers
2025-05-31T15:42:53.752Z - Extracting biomarkers
2025-05-31T15:42:53.849Z - Traditional extractor found 1 biomarkers
2025-05-31T15:42:53.853Z - Normalizing biomarker objects
2025-05-31T15:42:53.888Z - Normalized biomarker name: "TEST RESULTS Glucose:" → "GLUCOSE"
2025-05-31T15:42:53.890Z - Normalized traditional biomarkers: 1 remaining
2025-05-31T15:42:53.913Z - Generic extractor found 2 biomarkers
2025-05-31T15:42:53.916Z - Normalizing biomarker objects
2025-05-31T15:42:53.955Z - Normalized generic biomarkers: 2 remaining
2025-05-31T15:42:53.972Z - Validated generic biomarkers: 1 remaining after dictionary validation
2025-05-31T15:42:53.973Z - Combined and deduped 2 to 1 biomarkers
2025-05-31T15:42:53.975Z - Extracted 1 potential biomarkers
2025-05-31T15:42:53.976Z - Step 6: Extracting clinical remarks
2025-05-31T15:42:53.980Z - Starting remarks extraction (BloodTestParser)
