2025-05-31T15:44:16.535Z - BloodTestParser initialized with 187 characters
2025-05-31T15:44:16.538Z - Starting BloodTestParser.parse method for reportType: generic
2025-05-31T15:44:16.541Z - Starting blood test report parsing
2025-05-31T15:44:16.545Z - Raw OCR Text (BloodTestParser Start - First 500 chars):

      PATIENT INFORMATION
      Name: Test Patient
      DOB: 01/01/1980
      
      TEST RESULTS
      Glucose: 95 mg/dL (70-99)
      
      REMARKS
      No significant findings
    ...
2025-05-31T15:44:16.547Z - Step 1: Normalizing OCR text
2025-05-31T15:44:16.553Z - Text normalized from 187 to 125 chars
2025-05-31T15:44:16.557Z - Normalized OCR Text (After OcrNormalizer.normalize - First 500 chars):
PATIENT INFORMATION
Name: Test Patient
DOB: 01/01/1980
TEST RESULTS
Glucose: 95 mg/dL (70-99)
REMARKS
No significant findings...
2025-05-31T15:44:16.560Z - Step 2: Preprocessing content
2025-05-31T15:44:16.564Z - Step 3: Parsing document sections
2025-05-31T15:44:16.568Z - Step 4: Extracting metadata
2025-05-31T15:44:16.571Z - Extracting metadata from content
2025-05-31T15:44:16.575Z - Extracted patient info: {"name":"Test Patient","dob":"01/01/1980"}
2025-05-31T15:44:16.580Z - Extracted lab info: {}
2025-05-31T15:44:16.582Z - Step 5: Extracting biomarkers
2025-05-31T15:44:16.585Z - Extracting biomarkers
2025-05-31T15:44:16.728Z - Traditional extractor found 1 biomarkers
2025-05-31T15:44:16.730Z - Normalizing biomarker objects
2025-05-31T15:44:16.780Z - Normalized biomarker name: "TEST RESULTS Glucose:" → "GLUCOSE"
2025-05-31T15:44:16.782Z - Normalized traditional biomarkers: 1 remaining
2025-05-31T15:44:16.809Z - Generic extractor found 2 biomarkers
2025-05-31T15:44:16.812Z - Normalizing biomarker objects
2025-05-31T15:44:16.880Z - Normalized generic biomarkers: 2 remaining
2025-05-31T15:44:16.914Z - Validated generic biomarkers: 1 remaining after dictionary validation
2025-05-31T15:44:16.916Z - Combined and deduped 2 to 1 biomarkers
2025-05-31T15:44:16.920Z - Extracted 1 potential biomarkers
2025-05-31T15:44:16.922Z - Step 6: Extracting clinical remarks
2025-05-31T15:44:16.925Z - Starting remarks extraction (BloodTestParser)
