2025-05-31T09:14:07.376Z - BloodTestParser initialized with 1557 characters
2025-05-31T09:14:07.381Z - Content preview: BAHRIA TOWN INTERNATIONAL HOSPITAL test S KARACHI BRANCH  Precinct 19, Phase 1, Bahria Town Karac 1111 284 111 111284 LABORATORY REPORT MR.NO : 010-009-549 NAME _: SYED HASSAN ABBAS RIZVI SIO SYED RAZA ALI RIZVI SEX tM REFBY : ADDRESS : VILLA#I7 STREET#31 SPORTS CITY AGE 65Y 04Mo 030 CONTAC...
2025-05-31T09:14:07.389Z - Starting blood test report parsing
2025-05-31T09:14:07.397Z - Step 1: Normalizing OCR text
2025-05-31T09:14:07.425Z - Text normalized from 1557 to 1328 chars
2025-05-31T09:14:07.429Z - Step 2: Preprocessing content
2025-05-31T09:14:07.433Z - Step 3: Parsing document sections
2025-05-31T09:14:07.436Z - Step 4: Extracting metadata
2025-05-31T09:14:07.438Z - Extracting metadata from content
2025-05-31T09:14:07.442Z - Extracted patient info: {"age":"65"}
2025-05-31T09:14:07.444Z - Extracted lab info: {}
2025-05-31T09:14:07.445Z - Step 5: Extracting biomarkers
2025-05-31T09:14:07.447Z - Attempting extraction with traditional BiomarkerExtractor
2025-05-31T09:14:07.451Z - Traditional extractor found 1 biomarkers
2025-05-31T09:14:07.453Z - Attempting extraction with GenericBiomarkerExtractor
2025-05-31T09:14:07.457Z - Generic extractor found 0 biomarkers
2025-05-31T09:14:07.460Z - Normalizing biomarker objects
2025-05-31T09:14:07.465Z - Normalized 1 biomarker names
2025-05-31T09:14:07.466Z - Combined and deduped 1 to 1 biomarkers
2025-05-31T09:14:07.467Z - Extracted 1 potential biomarkers
2025-05-31T09:14:07.469Z - Step 6: Extracting clinical remarks
2025-05-31T09:14:07.470Z - Starting remarks extraction
2025-05-31T09:14:07.475Z - Error extracting remarks: Cannot read properties of undefined (reading 'length')
2025-05-31T09:14:07.477Z - Extracted 0 remarks
2025-05-31T09:14:07.478Z - Step 7: Validating results
2025-05-31T09:14:07.481Z - Step 8: Preparing final result
2025-05-31T09:14:07.483Z - Parsing completed successfully. Found 1 biomarkers and 0 remarks.
