2025-05-31T15:41:15.728Z - BloodTestParser initialized with 187 characters
2025-05-31T15:41:15.731Z - Starting BloodTestParser.parse method for reportType: generic
2025-05-31T15:41:15.732Z - Starting blood test report parsing
2025-05-31T15:41:15.734Z - Raw OCR Text (BloodTestParser Start - First 500 chars):

      PATIENT INFORMATION
      Name: Test Patient
      DOB: 01/01/1980
      
      TEST RESULTS
      Glucose: 95 mg/dL (70-99)
      
      REMARKS
      No significant findings
    ...
2025-05-31T15:41:15.736Z - Step 1: Normalizing OCR text
2025-05-31T15:41:15.741Z - Text normalized from 187 to 125 chars
2025-05-31T15:41:15.745Z - Normalized OCR Text (After OcrNormalizer.normalize - First 500 chars):
PATIENT INFORMATION
Name: Test Patient
DOB: 01/01/1980
TEST RESULTS
Glucose: 95 mg/dL (70-99)
REMARKS
No significant findings...
2025-05-31T15:41:15.746Z - Step 2: Preprocessing content
2025-05-31T15:41:15.748Z - Step 3: Parsing document sections
2025-05-31T15:41:15.750Z - Step 4: Extracting metadata
2025-05-31T15:41:15.752Z - Extracting metadata from content
2025-05-31T15:41:15.756Z - Extracted patient info: {"name":"Test Patient","dob":"01/01/1980"}
2025-05-31T15:41:15.758Z - Extracted lab info: {}
2025-05-31T15:41:15.759Z - Step 5: Extracting biomarkers
2025-05-31T15:41:15.761Z - Extracting biomarkers
2025-05-31T15:41:15.838Z - Traditional extractor found 1 biomarkers
2025-05-31T15:41:15.840Z - Normalizing biomarker objects
2025-05-31T15:41:15.864Z - Normalized biomarker name: "TEST RESULTS Glucose:" → "GLUCOSE"
2025-05-31T15:41:15.866Z - Normalized traditional biomarkers: 1 remaining
2025-05-31T15:41:15.878Z - Generic extractor found 2 biomarkers
2025-05-31T15:41:15.883Z - Normalizing biomarker objects
2025-05-31T15:41:15.916Z - Normalized generic biomarkers: 2 remaining
2025-05-31T15:41:15.930Z - Validated generic biomarkers: 1 remaining after dictionary validation
2025-05-31T15:41:15.932Z - Combined and deduped 2 to 1 biomarkers
2025-05-31T15:41:15.933Z - Extracted 1 potential biomarkers
2025-05-31T15:41:15.935Z - Step 6: Extracting clinical remarks
2025-05-31T15:41:15.936Z - Starting remarks extraction (BloodTestParser)
