2025-05-31T12:28:28.392Z - BloodTestParser initialized with 1557 characters
2025-05-31T12:28:28.394Z - Content preview: BAHRIA TOWN INTERNATIONAL HOSPITAL test S KARACHI BRANCH  Precinct 19, Phase 1, Bahria Town Karac 1111 284 111 111284 LABORATORY REPORT MR.NO : 010-009-549 NAME _: SYED HASSAN ABBAS RIZVI SIO SYED RAZA ALI RIZVI SEX tM REFBY : ADDRESS : VILLA#I7 STREET#31 SPORTS CITY AGE 65Y 04Mo 030 CONTAC...
2025-05-31T12:28:28.396Z - Starting blood test report parsing
2025-05-31T12:28:28.397Z - Step 1: Normalizing OCR text
2025-05-31T12:28:28.412Z - Text normalized from 1557 to 1458 chars
2025-05-31T12:28:28.421Z - Step 2: Preprocessing content
2025-05-31T12:28:28.424Z - Step 3: Parsing document sections
2025-05-31T12:28:28.431Z - Step 4: Extracting metadata
2025-05-31T12:28:28.434Z - Extracting metadata from content
2025-05-31T12:28:28.438Z - Extracted patient info: {"age":"65"}
2025-05-31T12:28:28.441Z - Extracted lab info: {}
2025-05-31T12:28:28.443Z - Step 5: Extracting biomarkers
2025-05-31T12:28:28.444Z - Extracting biomarkers
2025-05-31T12:28:28.564Z - Traditional extractor found 9 biomarkers
2025-05-31T12:28:28.565Z - Normalizing biomarker objects
2025-05-31T12:28:28.578Z - Normalized biomarker name: "CREAT 1 N 1 NE (5 erum)" → "CREATININE ( erum"
2025-05-31T12:28:28.580Z - Normalized biomarker name: "Magnesium (5 erum) 5 amp 1 e" → "MAGNESIUM"
2025-05-31T12:28:28.582Z - Normalized biomarker name: "Magnesium" → "MAGNESIUM"
2025-05-31T12:28:28.587Z - Normalized biomarker name: "UREA (5 erum) 5 amp 1 e" → "UREA"
2025-05-31T12:28:28.588Z - Normalized traditional biomarkers: 9 remaining
2025-05-31T12:28:28.608Z - Generic extractor found 19 biomarkers
2025-05-31T12:28:28.609Z - Normalizing biomarker objects
2025-05-31T12:28:28.621Z - Normalized generic biomarkers: 19 remaining
2025-05-31T12:28:28.638Z - Validated generic biomarkers: 6 remaining after dictionary validation
2025-05-31T12:28:28.639Z - Combined and deduped 15 to 8 biomarkers
2025-05-31T12:28:28.640Z - Extracted 8 potential biomarkers
2025-05-31T12:28:28.642Z - Step 6: Extracting clinical remarks
2025-05-31T12:28:28.644Z - Starting remarks extraction (BloodTestParser)
2025-05-31T12:28:28.650Z - No remarks data found or remarks array was empty/falsy in external result.
2025-05-31T12:28:28.651Z - Extracted 0 remarks
2025-05-31T12:28:28.652Z - Step 7: Validating results
2025-05-31T12:28:28.657Z - Step 8: Preparing final result
2025-05-31T12:28:28.658Z - Parsing completed successfully. Found 6 biomarkers and 0 remarks.
