2025-05-31T09:08:24.043Z - BloodTestParser initialized with 1557 characters
2025-05-31T09:08:24.045Z - Content preview: BAHRIA TOWN INTERNATIONAL HOSPITAL test S KARACHI BRANCH  Precinct 19, Phase 1, Bahria Town Karac 1111 284 111 111284 LABORATORY REPORT MR.NO : 010-009-549 NAME _: SYED HASSAN ABBAS RIZVI SIO SYED RAZA ALI RIZVI SEX tM REFBY : ADDRESS : VILLA#I7 STREET#31 SPORTS CITY AGE 65Y 04Mo 030 CONTAC...
2025-05-31T09:08:24.047Z - Starting blood test report parsing
2025-05-31T09:08:24.048Z - Step 1: Normalizing OCR text
2025-05-31T09:08:24.060Z - Text normalized from 1557 to 1328 chars
2025-05-31T09:08:24.063Z - Step 2: Preprocessing content
2025-05-31T09:08:24.067Z - Step 3: Parsing document sections
2025-05-31T09:08:24.070Z - Step 4: Extracting metadata
2025-05-31T09:08:24.072Z - Extracting metadata from content
2025-05-31T09:08:24.076Z - Extracted patient info: {"age":"65"}
2025-05-31T09:08:24.080Z - Extracted lab info: {}
2025-05-31T09:08:24.082Z - Step 5: Extracting biomarkers
2025-05-31T09:08:24.084Z - Attempting extraction with traditional BiomarkerExtractor
2025-05-31T09:08:24.089Z - Traditional extractor found 1 biomarkers
2025-05-31T09:08:24.094Z - Attempting extraction with GenericBiomarkerExtractor
2025-05-31T09:08:24.102Z - Generic extractor found 0 biomarkers
2025-05-31T09:08:24.106Z - Combined and deduped 1 to 1 biomarkers
2025-05-31T09:08:24.108Z - Extracted 1 potential biomarkers
2025-05-31T09:08:24.110Z - Step 6: Extracting clinical remarks
2025-05-31T09:08:24.112Z - Starting remarks extraction
2025-05-31T09:08:24.116Z - Error extracting remarks: Cannot read properties of undefined (reading 'length')
2025-05-31T09:08:24.119Z - Extracted 0 remarks
2025-05-31T09:08:24.122Z - Step 7: Validating results
2025-05-31T09:08:24.126Z - Step 8: Preparing final result
2025-05-31T09:08:24.130Z - Parsing completed successfully. Found 1 biomarkers and 0 remarks.
