2025-05-31T12:33:08.562Z - BloodTestParser initialized with 1557 characters
2025-05-31T12:33:08.565Z - Content preview: BAHRIA TOWN INTERNATIONAL HOSPITAL test S KARACHI BRANCH  Precinct 19, Phase 1, Bahria Town Karac 1111 284 111 111284 LABORATORY REPORT MR.NO : 010-009-549 NAME _: SYED HASSAN ABBAS RIZVI SIO SYED RAZA ALI RIZVI SEX tM REFBY : ADDRESS : VILLA#I7 STREET#31 SPORTS CITY AGE 65Y 04Mo 030 CONTAC...
2025-05-31T12:33:08.567Z - Starting blood test report parsing
2025-05-31T12:33:08.568Z - Raw OCR Text (BloodTestParser Start - First 500 chars):
BAHRIA TOWN INTERNATIONAL
HOSPITAL test S
KARACHI BRANCH

Precinct 19, Phase 1, Bahria Town Karac 1111 284
111 111284
LABORATORY REPORT
MR.NO : 010-009-549 NAME _: SYED HASSAN ABBAS RIZVI SIO SYED RAZA ALI RIZVI SEX tM
REFBY : ADDRESS : VILLA#I7 STREET#31 SPORTS CITY AGE 65Y 04Mo 030
CONTACT : 03040120825
BIOCHEMISTRY

Investigation Values Reference Ranges * Last Available Results
CREATININE (Serum)

Sample: 15-Apr-2025

Creatinine (Serum) 14 mg/dl Male0.9-1.3 mg/dl (10-20-24) 1...
2025-05-31T12:33:08.569Z - Step 1: Normalizing OCR text
2025-05-31T12:33:08.574Z - Text normalized from 1557 to 1462 chars
2025-05-31T12:33:08.578Z - Normalized OCR Text (After OcrNormalizer.normalize - First 500 chars):
BAHRIA TOWN INTERNATIONAL
HOSPITAL test S
KARACHI BRANCH
Precinct 19, Phase 1, Bahria Town Karac 1111 284
111 111284
MR.NO: 010-009-549 NAME _: SYED HASSAN ABBAS RIZVI SIO SYED RAZA ALI RIZVI SEX M
REFBY:
VILLA#17 STREET#31 SPORTS CITY AGE 65 Y 04 Mo 030
CONTACT:
03040120825
BIOCHEMISTRY
Investigation Values Reference Ranges * Last Available Results
CREATININE (Serum)
Sample: 15-Apr-2025
CREATININE (Serum) 14 mg/dL Male 0.9-1.3 mg/dL (10-20-24) 1.2 mg/dL
Female 06-11 mg/dL
Methadology Test perfo...
2025-05-31T12:33:08.579Z - Step 2: Preprocessing content
2025-05-31T12:33:08.580Z - Step 3: Parsing document sections
2025-05-31T12:33:08.583Z - Step 4: Extracting metadata
2025-05-31T12:33:08.584Z - Extracting metadata from content
2025-05-31T12:33:08.586Z - Extracted patient info: {"age":"65"}
2025-05-31T12:33:08.588Z - Extracted lab info: {}
2025-05-31T12:33:08.589Z - Step 5: Extracting biomarkers
2025-05-31T12:33:08.590Z - Extracting biomarkers
2025-05-31T12:33:08.635Z - Traditional extractor found 7 biomarkers
2025-05-31T12:33:08.636Z - Normalizing biomarker objects
2025-05-31T12:33:08.640Z - Normalized biomarker name: "CREAT 1 N 1 NE (5 erum)" → "CREATININE ( erum"
2025-05-31T12:33:08.641Z - Normalized biomarker name: "Magnesium (5 erum) 5 amp 1 e" → "MAGNESIUM"
2025-05-31T12:33:08.643Z - Normalized biomarker name: "Magnesium" → "MAGNESIUM"
2025-05-31T12:33:08.644Z - Normalized biomarker name: "UREA (5 erum) 5 amp 1 e" → "UREA"
2025-05-31T12:33:08.645Z - Normalized traditional biomarkers: 7 remaining
2025-05-31T12:33:08.659Z - Generic extractor found 19 biomarkers
2025-05-31T12:33:08.660Z - Normalizing biomarker objects
2025-05-31T12:33:08.664Z - Normalized generic biomarkers: 19 remaining
2025-05-31T12:33:08.676Z - Validated generic biomarkers: 6 remaining after dictionary validation
2025-05-31T12:33:08.677Z - Combined and deduped 13 to 7 biomarkers
2025-05-31T12:33:08.678Z - Extracted 7 potential biomarkers
2025-05-31T12:33:08.679Z - Step 6: Extracting clinical remarks
2025-05-31T12:33:08.680Z - Starting remarks extraction (BloodTestParser)
2025-05-31T12:33:08.682Z - No remarks data found or remarks array was empty/falsy in external result.
2025-05-31T12:33:08.683Z - Extracted 0 remarks
2025-05-31T12:33:08.684Z - Step 7: Validating results
2025-05-31T12:33:08.686Z - Step 8: Preparing final result
2025-05-31T12:33:08.687Z - Parsing completed successfully. Found 5 biomarkers and 0 remarks.
