2025-05-31T15:37:48.856Z - BloodTestParser initialized with 187 characters
2025-05-31T15:37:48.859Z - Starting BloodTestParser.parse method for reportType: generic
2025-05-31T15:37:48.862Z - Starting blood test report parsing
2025-05-31T15:37:48.863Z - Raw OCR Text (BloodTestParser Start - First 500 chars):

      PATIENT INFORMATION
      Name: Test Patient
      DOB: 01/01/1980
      
      TEST RESULTS
      Glucose: 95 mg/dL (70-99)
      
      REMARKS
      No significant findings
    ...
2025-05-31T15:37:48.865Z - Step 1: Normalizing OCR text
2025-05-31T15:37:48.875Z - Text normalized from 187 to 125 chars
2025-05-31T15:37:48.878Z - Normalized OCR Text (After OcrNormalizer.normalize - First 500 chars):
PATIENT INFORMATION
Name: Test Patient
DOB: 01/01/1980
TEST RESULTS
Glucose: 95 mg/dL (70-99)
REMARKS
No significant findings...
2025-05-31T15:37:48.880Z - Step 2: Preprocessing content
2025-05-31T15:37:48.882Z - Step 3: Parsing document sections
2025-05-31T15:37:48.886Z - Step 4: Extracting metadata
2025-05-31T15:37:48.889Z - Extracting metadata from content
2025-05-31T15:37:48.894Z - Extracted patient info: {"name":"Test Patient","dob":"01/01/1980"}
2025-05-31T15:37:48.896Z - Extracted lab info: {}
2025-05-31T15:37:48.898Z - Step 5: Extracting biomarkers
2025-05-31T15:37:48.900Z - Extracting biomarkers
2025-05-31T15:37:49.006Z - Traditional extractor found 1 biomarkers
2025-05-31T15:37:49.008Z - Normalizing biomarker objects
2025-05-31T15:37:49.033Z - Normalized biomarker name: "TEST RESULTS Glucose:" → "GLUCOSE"
2025-05-31T15:37:49.036Z - Normalized traditional biomarkers: 1 remaining
2025-05-31T15:37:49.056Z - Generic extractor found 2 biomarkers
2025-05-31T15:37:49.058Z - Normalizing biomarker objects
2025-05-31T15:37:49.091Z - Normalized generic biomarkers: 2 remaining
2025-05-31T15:37:49.113Z - Validated generic biomarkers: 1 remaining after dictionary validation
2025-05-31T15:37:49.115Z - Combined and deduped 2 to 1 biomarkers
2025-05-31T15:37:49.117Z - Extracted 1 potential biomarkers
2025-05-31T15:37:49.120Z - Step 6: Extracting clinical remarks
2025-05-31T15:37:49.122Z - Starting remarks extraction (BloodTestParser)
