2025-05-31T09:02:38.057Z - BloodTestParser initialized with 1557 characters
2025-05-31T09:02:38.057Z - Content preview: BAHRIA TOWN INTERNATIONAL HOSPITAL test S KARACHI BRANCH  Precinct 19, Phase 1, Bahria Town Karac 1111 284 111 111284 LABORATORY REPORT MR.NO : 010-009-549 NAME _: SYED HASSAN ABBAS RIZVI SIO SYED RAZA ALI RIZVI SEX tM REFBY : ADDRESS : VILLA#I7 STREET#31 SPORTS CITY AGE 65Y 04Mo 030 CONTAC...
2025-05-31T09:02:38.058Z - Starting blood test report parsing
2025-05-31T09:02:38.058Z - Step 1: Normalizing OCR text
2025-05-31T09:02:38.062Z - Text normalized from 1557 to 1258 chars
2025-05-31T09:02:38.062Z - Step 2: Preprocessing content
2025-05-31T09:02:38.064Z - Step 3: Parsing document sections
2025-05-31T09:02:38.065Z - Step 4: Extracting metadata
2025-05-31T09:02:38.066Z - Extracting metadata from content
2025-05-31T09:02:38.067Z - Extracted patient info: {"age":"65"}
2025-05-31T09:02:38.067Z - Extracted lab info: {}
2025-05-31T09:02:38.067Z - Step 5: Extracting biomarkers
2025-05-31T09:02:38.068Z - Starting biomarker extraction
2025-05-31T09:02:38.069Z - Extracted 1 potential biomarkers
2025-05-31T09:02:38.069Z - Extracted 1 potential biomarkers
2025-05-31T09:02:38.069Z - Step 6: Extracting clinical remarks
2025-05-31T09:02:38.070Z - Starting remarks extraction
2025-05-31T09:02:38.071Z - Error extracting remarks: Cannot read properties of undefined (reading 'length')
2025-05-31T09:02:38.071Z - Extracted 0 remarks
2025-05-31T09:02:38.072Z - Step 7: Validating results
2025-05-31T09:02:38.072Z - Step 8: Preparing final result
2025-05-31T09:02:38.073Z - Parsing completed successfully. Found 1 biomarkers and 0 remarks.
