2025-05-31T14:59:14.228Z - BloodTestParser initialized with 187 characters
2025-05-31T14:59:14.229Z - Starting blood test report parsing
2025-05-31T14:59:14.230Z - Raw OCR Text (BloodTestParser Start - First 500 chars):

      PATIENT INFORMATION
      Name: Test Patient
      DOB: 01/01/1980
      
      TEST RESULTS
      Glucose: 95 mg/dL (70-99)
      
      REMARKS
      No significant findings
    ...
2025-05-31T14:59:14.230Z - Step 1: Normalizing OCR text
2025-05-31T14:59:14.233Z - Text normalized from 187 to 125 chars
2025-05-31T14:59:14.234Z - Normalized OCR Text (After OcrNormalizer.normalize - First 500 chars):
PATIENT INFORMATION
Name: Test Patient
DOB: 01/01/1980
TEST RESULTS
Glucose: 95 mg/dL (70-99)
REMARKS
No significant findings...
2025-05-31T14:59:14.235Z - Step 2: Preprocessing content
2025-05-31T14:59:14.236Z - Step 3: Parsing document sections
2025-05-31T14:59:14.237Z - Step 4: Extracting metadata
2025-05-31T14:59:14.238Z - Extracting metadata from content
2025-05-31T14:59:14.239Z - Extracted patient info: {"name":"Test Patient","dob":"01/01/1980"}
2025-05-31T14:59:14.240Z - Extracted lab info: {}
2025-05-31T14:59:14.240Z - Step 5: Extracting biomarkers
2025-05-31T14:59:14.241Z - Extracting biomarkers
2025-05-31T14:59:14.244Z - Traditional extractor found 1 biomarkers
2025-05-31T14:59:14.244Z - Normalizing biomarker objects
2025-05-31T14:59:14.246Z - Normalized biomarker name: "TEST RESULTS Glucose:" → "GLUCOSE"
2025-05-31T14:59:14.246Z - Normalized traditional biomarkers: 1 remaining
2025-05-31T14:59:14.248Z - Generic extractor found 2 biomarkers
2025-05-31T14:59:14.249Z - Normalizing biomarker objects
2025-05-31T14:59:14.250Z - Normalized generic biomarkers: 2 remaining
2025-05-31T14:59:14.250Z - Validated generic biomarkers: 1 remaining after dictionary validation
2025-05-31T14:59:14.250Z - Combined and deduped 2 to 1 biomarkers
2025-05-31T14:59:14.251Z - Extracted 1 potential biomarkers
2025-05-31T14:59:14.251Z - Step 6: Extracting clinical remarks
2025-05-31T14:59:14.251Z - Starting remarks extraction (BloodTestParser)
