2025-05-31T15:47:43.514Z - BloodTestParser initialized with 187 characters
2025-05-31T15:47:43.517Z - Starting BloodTestParser.parse method for reportType: generic
2025-05-31T15:47:43.519Z - Starting blood test report parsing
2025-05-31T15:47:43.520Z - Raw OCR Text (BloodTestParser Start - First 500 chars):

      PATIENT INFORMATION
      Name: Test Patient
      DOB: 01/01/1980
      
      TEST RESULTS
      Glucose: 95 mg/dL (70-99)
      
      REMARKS
      No significant findings
    ...
2025-05-31T15:47:43.522Z - Step 1: Normalizing OCR text
2025-05-31T15:47:43.526Z - Text normalized from 187 to 125 chars
2025-05-31T15:47:43.528Z - Normalized OCR Text (After OcrNormalizer.normalize - First 500 chars):
PATIENT INFORMATION
Name: Test Patient
DOB: 01/01/1980
TEST RESULTS
Glucose: 95 mg/dL (70-99)
REMARKS
No significant findings...
2025-05-31T15:47:43.530Z - Step 2: Preprocessing content
2025-05-31T15:47:43.532Z - Step 3: Parsing document sections
2025-05-31T15:47:43.536Z - Step 4: Extracting metadata
2025-05-31T15:47:43.538Z - Extracting metadata from content
2025-05-31T15:47:43.540Z - Extracted patient info: {"name":"Test Patient","dob":"01/01/1980"}
2025-05-31T15:47:43.542Z - Extracted lab info: {}
2025-05-31T15:47:43.544Z - Step 5: Extracting biomarkers
2025-05-31T15:47:43.547Z - Extracting biomarkers
2025-05-31T15:47:43.623Z - Traditional extractor found 1 biomarkers
2025-05-31T15:47:43.625Z - Normalizing biomarker objects
2025-05-31T15:47:43.650Z - Normalized biomarker name: "TEST RESULTS Glucose:" → "GLUCOSE"
2025-05-31T15:47:43.652Z - Normalized traditional biomarkers: 1 remaining
2025-05-31T15:47:43.667Z - Generic extractor found 2 biomarkers
2025-05-31T15:47:43.669Z - Normalizing biomarker objects
2025-05-31T15:47:43.720Z - Normalized generic biomarkers: 2 remaining
2025-05-31T15:47:43.727Z - Validated generic biomarkers: 1 remaining after dictionary validation
2025-05-31T15:47:43.731Z - Combined and deduped 2 to 1 biomarkers
2025-05-31T15:47:43.733Z - Extracted 1 potential biomarkers
2025-05-31T15:47:43.736Z - Step 6: Extracting clinical remarks
2025-05-31T15:47:43.738Z - Starting remarks extraction (BloodTestParser)
