2025-05-31T09:10:05.365Z - BloodTestParser initialized with 1557 characters
2025-05-31T09:10:05.366Z - Content preview: BAHRIA TOWN INTERNATIONAL HOSPITAL test S KARACHI BRANCH  Precinct 19, Phase 1, Bahria Town Karac 1111 284 111 111284 LABORATORY REPORT MR.NO : 010-009-549 NAME _: SYED HASSAN ABBAS RIZVI SIO SYED RAZA ALI RIZVI SEX tM REFBY : ADDRESS : VILLA#I7 STREET#31 SPORTS CITY AGE 65Y 04Mo 030 CONTAC...
2025-05-31T09:10:05.366Z - Starting blood test report parsing
2025-05-31T09:10:05.367Z - Step 1: Normalizing OCR text
2025-05-31T09:10:05.372Z - Text normalized from 1557 to 1328 chars
2025-05-31T09:10:05.372Z - Step 2: Preprocessing content
2025-05-31T09:10:05.374Z - Step 3: Parsing document sections
2025-05-31T09:10:05.375Z - Step 4: Extracting metadata
2025-05-31T09:10:05.375Z - Extracting metadata from content
2025-05-31T09:10:05.376Z - Extracted patient info: {"age":"65"}
2025-05-31T09:10:05.376Z - Extracted lab info: {}
2025-05-31T09:10:05.377Z - Step 5: Extracting biomarkers
2025-05-31T09:10:05.377Z - Attempting extraction with traditional BiomarkerExtractor
2025-05-31T09:10:05.377Z - Traditional extractor found 1 biomarkers
2025-05-31T09:10:05.378Z - Attempting extraction with GenericBiomarkerExtractor
2025-05-31T09:10:05.378Z - Generic extractor found 0 biomarkers
2025-05-31T09:10:05.379Z - Combined and deduped 1 to 1 biomarkers
2025-05-31T09:10:05.379Z - Extracted 1 potential biomarkers
2025-05-31T09:10:05.379Z - Step 6: Extracting clinical remarks
2025-05-31T09:10:05.379Z - Starting remarks extraction
2025-05-31T09:10:05.380Z - Error extracting remarks: Cannot read properties of undefined (reading 'length')
2025-05-31T09:10:05.380Z - Extracted 0 remarks
2025-05-31T09:10:05.381Z - Step 7: Validating results
2025-05-31T09:10:05.381Z - Step 8: Preparing final result
2025-05-31T09:10:05.381Z - Parsing completed successfully. Found 1 biomarkers and 0 remarks.
