2025-05-31T08:08:52.885Z - BloodTestParser initialized with 3480 characters
2025-05-31T08:08:52.889Z - Content preview: BAHRIA TOWN INTERNATIONAL HOSPITAL KARACHI BRANCH Precinct 19, Phase 1, Bahria Town Karachi 111 111 284  LABORATORY REPORT  MR. NO : 010-022-521    NAME : SABA RIZVI W/O HASSAN ABBAS RIZVI    SEX : F REF BY :                ADDRES : VILLA NO-370, QUAID VILLA BAHRIA TOWN KARACHI    AGE : 61Y 02Mo 23D...
2025-05-31T08:08:52.890Z - Starting blood test report parsing
2025-05-31T08:08:52.893Z - Detected specialized hospital report format
2025-05-31T08:08:52.894Z - Parsing specialized lab report format
2025-05-31T08:08:52.898Z - Analyzing potential biomarker line: BAHRIA TOWN INTERNATIONAL HOSPITAL
2025-05-31T08:08:52.901Z - Analyzing potential biomarker line: KARACHI BRANCH
2025-05-31T08:08:52.904Z - Analyzing potential biomarker line: Precinct 19, Phase 1, Bahria Town Karachi
2025-05-31T08:08:52.905Z - Analyzing potential biomarker line: 111 111 284
2025-05-31T08:08:52.906Z - Analyzing potential biomarker line: LABORATORY REPORT
2025-05-31T08:08:52.908Z - Analyzing potential biomarker line: MR. NO : 010-022-521    NAME : SABA RIZVI W/O HASSAN ABBAS RIZVI    SEX : F
2025-05-31T08:08:52.909Z - Analyzing potential biomarker line: REF BY :                ADDRES : VILLA NO-370, QUAID VILLA BAHRIA TOWN KARACHI    AGE : 61Y 02Mo 23D
2025-05-31T08:08:52.910Z - Analyzing potential biomarker line: S                                                 CONTACT : 03040120425
2025-05-31T08:08:52.912Z - Set default section: BIOCHEMISTRY
2025-05-31T08:08:52.914Z - Analyzing potential biomarker line: BIOCHEMISTRY
2025-05-31T08:08:52.916Z - Found section: 25-Hydroxy Vitamin-D
2025-05-31T08:08:52.918Z - Analyzing potential biomarker line: 25-Hydroxy Vitamin-D
2025-05-31T08:08:52.921Z - Analyzing potential biomarker line: 25 OH Vitamin D Total              21.18 ng/ml         Vitamin D Deficiency :<20
2025-05-31T08:08:52.924Z - Found biomarker: OH Vitamin D Total = 21.18 ng/ml
2025-05-31T08:08:52.928Z - Found section: Vitamin D Insufficiency : 21-29
2025-05-31T08:08:52.931Z - Analyzing potential biomarker line: Vitamin D Insufficiency : 21-29
2025-05-31T08:08:52.933Z - Found section: Vitamin D Sufficiency : 30-150
2025-05-31T08:08:52.935Z - Analyzing potential biomarker line: Vitamin D Sufficiency : 30-150
2025-05-31T08:08:52.938Z - Found section: Vitamin D Intoxification:>150
2025-05-31T08:08:52.941Z - Analyzing potential biomarker line: Vitamin D Intoxification:>150
2025-05-31T08:08:52.944Z - Found remark: deformities such as rickets in children, and bone ...
2025-05-31T08:08:52.948Z - Analyzing potential biomarker line: deformities such as rickets in children, and bone pain caused by a condition called osteomalacia in adults.
2025-05-31T08:08:52.950Z - Analyzing potential biomarker line: technology for immunoassay analysis.
2025-05-31T08:08:52.952Z - Found section: HbA1C (Glycosylated Hemoglobin)
2025-05-31T08:08:52.955Z - Analyzing potential biomarker line: HbA1C (Glycosylated Hemoglobin)
2025-05-31T08:08:52.958Z - Found section: HbA1C (Glycosylated Hemoglobin)    5.8 %               Diabetic - >= 6.5 %
2025-05-31T08:08:52.962Z - Analyzing potential biomarker line: HbA1C (Glycosylated Hemoglobin)    5.8 %               Diabetic - >= 6.5 %
2025-05-31T08:08:52.965Z - Found biomarker: HbA1C (Glycosylated Hemoglobin) = 5.8 %
2025-05-31T08:08:52.968Z - Analyzing potential biomarker line: Impaired - 5.7-6.4 %
2025-05-31T08:08:52.972Z - Found remark: diagnosis of Diabetes Mellitus. Patients already d...
2025-05-31T08:08:52.976Z - Analyzing potential biomarker line: diagnosis of Diabetes Mellitus. Patients already diagnosed with Diabetes Mellitus should monitor HbA1c level as an
2025-05-31T08:08:52.981Z - Analyzing potential biomarker line: indicator of glycemic control over the previous 2-3 months time. The optimum HbA1c level is based on the health
2025-05-31T08:08:52.983Z - Analyzing potential biomarker line: status of the individual.
2025-05-31T08:08:52.985Z - Found section: Liver Function Test With GGT (LFT)
2025-05-31T08:08:52.988Z - Analyzing potential biomarker line: Liver Function Test With GGT (LFT)
2025-05-31T08:08:52.991Z - Analyzing potential biomarker line: Total Bilirubin                    0.42 mg/dl          0.0 - 1.0 mg/dl
2025-05-31T08:08:52.993Z - Found biomarker: Total Bilirubin = 0.42 mg/dl
2025-05-31T08:08:52.994Z - Analyzing potential biomarker line: Direct Bilirubin                   0.20 mg/dl          0.0 - 0.25 mg/dl
2025-05-31T08:08:52.998Z - Found biomarker: Direct Bilirubin = 0.2 mg/dl
2025-05-31T08:08:53.000Z - Analyzing potential biomarker line: Alkaline Phosphatase (ALP)         117 U/l             Adults:
2025-05-31T08:08:53.005Z - Found biomarker: Alkaline Phosphatase (ALP) = 117 U/l
2025-05-31T08:08:53.008Z - Analyzing potential biomarker line: Male  40 - 129 U/l
2025-05-31T08:08:53.010Z - Analyzing potential biomarker line: Female 35 - 140 U/l
2025-05-31T08:08:53.014Z - Analyzing potential biomarker line: ALT/SGPT                           15 U/l              Male   0-41 U/l
2025-05-31T08:08:53.016Z - Found biomarker: ALT/SGPT = 15 U/l
2025-05-31T08:08:53.019Z - Analyzing potential biomarker line: Female 0-33 U/l
2025-05-31T08:08:53.023Z - Analyzing potential biomarker line: AST/SGOT                           22 U/l              Male   0-40 U/l
2025-05-31T08:08:53.024Z - Found biomarker: AST/SGOT = 22 U/l
2025-05-31T08:08:53.026Z - Analyzing potential biomarker line: Female 0-32 U/l
2025-05-31T08:08:53.029Z - Analyzing potential biomarker line: GGT                                22 U/l              Male   11-50 U/l
2025-05-31T08:08:53.031Z - Found biomarker: GGT = 22 U/l
2025-05-31T08:08:53.034Z - Analyzing potential biomarker line: Female 7-32 U/l
2025-05-31T08:08:53.037Z - Analyzing potential biomarker line: Total Protein                      7.8 g/dl            6.6 - 8.7 g/dl
2025-05-31T08:08:53.040Z - Found biomarker: Total Protein = 7.8 g/dl
2025-05-31T08:08:53.042Z - Analyzing potential biomarker line: Albumin                            4.5 g/dl            3.5 - 5.2 g/dl
2025-05-31T08:08:53.044Z - Found biomarker: Albumin = 4.5 g/dl
2025-05-31T08:08:53.046Z - Analyzing potential biomarker line: Globulin                           3.3 g/dl            2.3 - 3.5 g/dl
2025-05-31T08:08:53.047Z - Found biomarker: Globulin = 3.3 g/dl
2025-05-31T08:08:53.049Z - Analyzing potential biomarker line: A/G Ratio                          1.4                 1.0 - 2.0
