2025-05-31T16:37:41.876Z - BloodTestParser initialized with 187 characters
2025-05-31T16:37:41.878Z - Starting BloodTestParser.parse method for reportType: generic
2025-05-31T16:37:41.880Z - Starting blood test report parsing
2025-05-31T16:37:41.881Z - Raw OCR Text (BloodTestParser Start - First 500 chars):

      PATIENT INFORMATION
      Name: Test Patient
      DOB: 01/01/1980
      
      TEST RESULTS
      Glucose: 95 mg/dL (70-99)
      
      REMARKS
      No significant findings
    ...
2025-05-31T16:37:41.888Z - Step 1: Normalizing OCR text
2025-05-31T16:37:41.892Z - Text normalized from 187 to 125 chars
2025-05-31T16:37:41.895Z - Normalized OCR Text (After OcrNormalizer.normalize - First 500 chars):
PATIENT INFORMATION
Name: Test Patient
DOB: 01/01/1980
TEST RESULTS
Glucose: 95 mg/dL (70-99)
REMARKS
No significant findings...
2025-05-31T16:37:41.896Z - Step 2: Preprocessing content
2025-05-31T16:37:41.898Z - Step 3: Parsing document sections
2025-05-31T16:37:41.901Z - Step 4: Extracting metadata
2025-05-31T16:37:41.903Z - Extracting metadata from content
2025-05-31T16:37:41.905Z - Extracted patient info: {"name":"Test Patient","dob":"01/01/1980"}
2025-05-31T16:37:41.907Z - Extracted lab info: {}
2025-05-31T16:37:41.908Z - Step 5: Extracting biomarkers
2025-05-31T16:37:41.909Z - Extracting biomarkers
2025-05-31T16:37:41.918Z - Traditional extractor found 1 biomarkers
2025-05-31T16:37:41.920Z - Normalizing biomarker objects
2025-05-31T16:37:41.943Z - Normalized biomarker name: "TEST RESULTS Glucose:" → "GLUCOSE"
2025-05-31T16:37:41.944Z - Normalized traditional biomarkers: 1 remaining
2025-05-31T16:37:41.957Z - Generic extractor found 2 biomarkers
2025-05-31T16:37:41.959Z - Normalizing biomarker objects
2025-05-31T16:37:42.004Z - Normalized generic biomarkers: 2 remaining
2025-05-31T16:37:42.007Z - Validated generic biomarkers: 1 remaining after dictionary validation
2025-05-31T16:37:42.008Z - Combined and deduped 2 to 1 biomarkers
2025-05-31T16:37:42.009Z - Extracted 1 potential biomarkers
2025-05-31T16:37:42.011Z - Step 6: Extracting clinical remarks
2025-05-31T16:37:42.013Z - Starting remarks extraction (BloodTestParser)
